2025-08-31 16:18:02,476 - __main__ - INFO - Loaded configuration for 6 networks
2025-08-31 16:18:02,477 - __main__ - INFO - Loaded ABI: auction (direct ABI array)
2025-08-31 16:18:02,477 - __main__ - INFO - Loaded ABI: auction_factory (direct ABI array)
2025-08-31 16:18:02,477 - __main__ - INFO - Loaded ABI: erc20 (direct ABI array)
2025-08-31 16:18:02,477 - __main__ - INFO - Loaded ABI: legacy_auction (direct ABI array)
2025-08-31 16:18:02,477 - __main__ - INFO - Loaded ABI: legacy_auction_factory (direct ABI array)
2025-08-31 16:18:02,502 - __main__ - INFO - Database connection established
2025-08-31 16:18:02,509 - __main__ - INFO - Starting indexer for networks: ethereum
2025-08-31 16:18:03,046 - __main__ - INFO - Connected to ethereum (chain_id: 1) at block 23263462
2025-08-31 16:18:03,110 - __main__ - INFO - Loaded 11 existing auctions for chain 1
2025-08-31 16:18:03,246 - __main__ - INFO - Converted factory address to 0xcfa510188884f199fcc6e750764faabe6e56ec40
2025-08-31 16:18:03,251 - __main__ - INFO - Processing factory 0xCfA510188884F199fcC6e750764FAAbE6e56ec40 on chain 1 from block 22485028 to 23263462
2025-08-31 16:18:03,251 - __main__ - INFO - 🔄 Progress: Factory 6e56ec40 processed 10,000 blocks, 768,435 remaining (at block 22,495,027)
2025-08-31 16:18:15,000 - __main__ - INFO - 🔄 Progress: Factory 6e56ec40 processed 20,000 blocks, 758,435 remaining (at block 22,505,027)
2025-08-31 16:18:22,540 - __main__ - INFO - Created round 1 for auction 0x1bab8B79cB8688f1FbD1Df3f09Fa71325058448D on chain 1
2025-08-31 16:18:26,928 - __main__ - INFO - 🔄 Progress: Factory 6e56ec40 processed 30,000 blocks, 748,435 remaining (at block 22,515,027)
2025-08-31 16:18:27,395 - __main__ - INFO - 🎉 Found 1 auction deployment events in blocks 22505028-22515027
2025-08-31 16:18:28,928 - __main__ - INFO - ✅ Discovered token: cvxCRV (Convex CRV) at 0x62B9c7356A2Dc64a1969e19C23e4f579F9810Aa7 on chain 1
2025-08-31 16:18:28,928 - __main__ - INFO - DEBUG: Inserting factory_address='0xCfA510188884F199fcC6e750764FAAbE6e56ec40' (type: <class 'str'>)
2025-08-31 16:18:28,930 - __main__ - INFO - Added auction 0x3B41F08d8c482D5eEf26DbCdD3999dBF1d975F60 on chain 1 from factory 0xCfA510188884F199fcC6e750764FAAbE6e56ec40
2025-08-31 16:18:40,888 - __main__ - INFO - 🔄 Progress: Factory 6e56ec40 processed 40,000 blocks, 738,435 remaining (at block 22,525,027)
