2025-08-31 17:38:29,425 - __main__ - INFO - Loaded configuration for 6 networks
2025-08-31 17:38:29,442 - __main__ - INFO - Loaded ABI: auction (extracted from Brownie artifact)
2025-08-31 17:38:29,445 - __main__ - INFO - Loaded ABI: auction_factory (extracted from Brownie artifact)
2025-08-31 17:38:29,447 - __main__ - INFO - Loaded ABI: erc20 (extracted from Brownie artifact)
2025-08-31 17:38:29,465 - __main__ - INFO - Loaded ABI: legacy_auction (extracted from Brownie artifact)
2025-08-31 17:38:29,469 - __main__ - INFO - Loaded ABI: legacy_auction_factory (extracted from Brownie artifact)
2025-08-31 17:38:29,512 - __main__ - INFO - Database connection established
2025-08-31 17:38:29,523 - __main__ - INFO - Starting indexer for networks: ethereum
2025-08-31 17:38:30,081 - __main__ - INFO - Connected to ethereum (chain_id: 1) at block 23263863
2025-08-31 17:38:30,081 - __main__ - INFO - 🔍 Loading existing auctions from database for chain 1
2025-08-31 17:38:30,087 - __main__ - INFO - Found 8 auctions in database for chain 1
2025-08-31 17:38:30,087 - __main__ - INFO - Creating legacy_auction contract for auction 36c85a7F on chain 1
2025-08-31 17:38:30,110 - __main__ - INFO - Contract 36c85a7F events: ['abi', '_events', 'AuctionDisabled', 'AuctionEnabled', 'AuctionKicked', 'GovernanceTransferred', 'Take', 'UpdatedStartingPrice']
2025-08-31 17:38:30,110 - __main__ - INFO - Successfully added auction 36c85a7F to tracked auctions for chain 1
2025-08-31 17:38:30,110 - __main__ - INFO - Creating legacy_auction contract for auction 091328C9 on chain 1
2025-08-31 17:38:30,126 - __main__ - INFO - Contract 091328C9 events: ['abi', '_events', 'AuctionDisabled', 'AuctionEnabled', 'AuctionKicked', 'GovernanceTransferred', 'Take', 'UpdatedStartingPrice']
2025-08-31 17:38:30,127 - __main__ - INFO - Successfully added auction 091328C9 to tracked auctions for chain 1
2025-08-31 17:38:30,127 - __main__ - INFO - Creating legacy_auction contract for auction 6b6b5D3e on chain 1
2025-08-31 17:38:30,137 - __main__ - INFO - Contract 6b6b5D3e events: ['abi', '_events', 'AuctionDisabled', 'AuctionEnabled', 'AuctionKicked', 'GovernanceTransferred', 'Take', 'UpdatedStartingPrice']
2025-08-31 17:38:30,137 - __main__ - INFO - Successfully added auction 6b6b5D3e to tracked auctions for chain 1
2025-08-31 17:38:30,137 - __main__ - INFO - Creating legacy_auction contract for auction 23467FEa on chain 1
2025-08-31 17:38:30,148 - __main__ - INFO - Contract 23467FEa events: ['abi', '_events', 'AuctionDisabled', 'AuctionEnabled', 'AuctionKicked', 'GovernanceTransferred', 'Take', 'UpdatedStartingPrice']
2025-08-31 17:38:30,148 - __main__ - INFO - Successfully added auction 23467FEa to tracked auctions for chain 1
2025-08-31 17:38:30,148 - __main__ - INFO - Creating legacy_auction contract for auction 3c6B9A56 on chain 1
2025-08-31 17:38:30,158 - __main__ - INFO - Contract 3c6B9A56 events: ['abi', '_events', 'AuctionDisabled', 'AuctionEnabled', 'AuctionKicked', 'GovernanceTransferred', 'Take', 'UpdatedStartingPrice']
2025-08-31 17:38:30,158 - __main__ - INFO - Successfully added auction 3c6B9A56 to tracked auctions for chain 1
2025-08-31 17:38:30,158 - __main__ - INFO - Creating legacy_auction contract for auction 33e5dF66 on chain 1
2025-08-31 17:38:30,167 - __main__ - INFO - Contract 33e5dF66 events: ['abi', '_events', 'AuctionDisabled', 'AuctionEnabled', 'AuctionKicked', 'GovernanceTransferred', 'Take', 'UpdatedStartingPrice']
2025-08-31 17:38:30,167 - __main__ - INFO - Successfully added auction 33e5dF66 to tracked auctions for chain 1
2025-08-31 17:38:30,167 - __main__ - INFO - Creating legacy_auction contract for auction 770E0260 on chain 1
2025-08-31 17:38:30,179 - __main__ - INFO - Contract 770E0260 events: ['abi', '_events', 'AuctionDisabled', 'AuctionEnabled', 'AuctionKicked', 'GovernanceTransferred', 'Take', 'UpdatedStartingPrice']
2025-08-31 17:38:30,179 - __main__ - INFO - Successfully added auction 770E0260 to tracked auctions for chain 1
2025-08-31 17:38:30,179 - __main__ - INFO - Creating legacy_auction contract for auction 68df93F8 on chain 1
2025-08-31 17:38:30,189 - __main__ - INFO - Contract 68df93F8 events: ['abi', '_events', 'AuctionDisabled', 'AuctionEnabled', 'AuctionKicked', 'GovernanceTransferred', 'Take', 'UpdatedStartingPrice']
2025-08-31 17:38:30,189 - __main__ - INFO - Successfully added auction 68df93F8 to tracked auctions for chain 1
2025-08-31 17:38:30,189 - __main__ - INFO - Loaded 8 existing auctions for chain 1
2025-08-31 17:38:30,189 - __main__ - INFO - Chain 1 already has 8 tracked auctions
2025-08-31 17:38:30,333 - __main__ - INFO - Factory 0xCfA510188884F199fcC6e750764FAAbE6e56ec40 on chain 1: last_indexed_block=21880027, current_block=23263863
2025-08-31 17:38:30,333 - __main__ - INFO - Processing factory 0xCfA510188884F199fcC6e750764FAAbE6e56ec40 on chain 1 from block 21880028 to 23263863
2025-08-31 17:38:30,333 - __main__ - INFO - 🔄 Progress: Factory 0xCf..ec40 processed 15,000 blocks, 1,368,836 remaining (at block 21,895,027)
2025-08-31 17:38:30,881 - __main__ - INFO - Checking for Take in 36c85a7F blocks 21880028-21895027
2025-08-31 17:38:31,512 - __main__ - INFO - Checking for Take in 091328C9 blocks 21880028-21895027
2025-08-31 17:38:32,298 - __main__ - INFO - Checking for Take in 6b6b5D3e blocks 21880028-21895027
2025-08-31 17:38:33,187 - __main__ - INFO - Checking for Take in 23467FEa blocks 21880028-21895027
2025-08-31 17:38:33,931 - __main__ - INFO - Checking for Take in 3c6B9A56 blocks 21880028-21895027
2025-08-31 17:38:34,646 - __main__ - INFO - Checking for Take in 33e5dF66 blocks 21880028-21895027
2025-08-31 17:38:35,263 - __main__ - INFO - Checking for Take in 770E0260 blocks 21880028-21895027
2025-08-31 17:38:35,866 - __main__ - INFO - Checking for Take in 68df93F8 blocks 21880028-21895027
2025-08-31 17:38:36,243 - __main__ - INFO - No traditional take events found on chain 1 for blocks 21880028-21895027, trying Transfer event detection
2025-08-31 17:38:36,243 - __main__ - INFO - 🔍 Monitoring Transfer events for 8 auctions on chain 1, blocks 21880028-21895027
2025-08-31 17:38:36,248 - __main__ - INFO - No from_tokens found for auction 36c85a7F on chain 1
2025-08-31 17:38:36,249 - __main__ - INFO - No from_tokens found for auction 091328C9 on chain 1
2025-08-31 17:38:36,250 - __main__ - INFO - No from_tokens found for auction 6b6b5D3e on chain 1
2025-08-31 17:38:36,251 - __main__ - INFO - No from_tokens found for auction 23467FEa on chain 1
2025-08-31 17:38:36,252 - __main__ - INFO - No from_tokens found for auction 3c6B9A56 on chain 1
2025-08-31 17:38:36,253 - __main__ - INFO - No from_tokens found for auction 33e5dF66 on chain 1
2025-08-31 17:38:36,254 - __main__ - INFO - No from_tokens found for auction 770E0260 on chain 1
2025-08-31 17:38:36,255 - __main__ - INFO - No from_tokens found for auction 68df93F8 on chain 1
2025-08-31 17:38:36,257 - __main__ - INFO - 🔄 Progress: Factory 0xCf..ec40 processed 30,000 blocks, 1,353,836 remaining (at block 21,910,027)
2025-08-31 17:38:36,909 - __main__ - INFO - Checking for Take in 36c85a7F blocks 21895028-21910027
2025-08-31 17:38:37,560 - __main__ - INFO - Checking for Take in 091328C9 blocks 21895028-21910027
2025-08-31 17:38:38,304 - __main__ - INFO - Checking for Take in 6b6b5D3e blocks 21895028-21910027
2025-08-31 17:38:38,912 - __main__ - INFO - Checking for Take in 23467FEa blocks 21895028-21910027
2025-08-31 17:38:39,517 - __main__ - INFO - Checking for Take in 3c6B9A56 blocks 21895028-21910027
2025-08-31 17:38:40,135 - __main__ - INFO - Checking for Take in 33e5dF66 blocks 21895028-21910027
2025-08-31 17:38:40,717 - __main__ - INFO - Checking for Take in 770E0260 blocks 21895028-21910027
2025-08-31 17:38:41,285 - __main__ - INFO - Checking for Take in 68df93F8 blocks 21895028-21910027
2025-08-31 17:38:41,655 - __main__ - INFO - No traditional take events found on chain 1 for blocks 21895028-21910027, trying Transfer event detection
2025-08-31 17:38:41,655 - __main__ - INFO - 🔍 Monitoring Transfer events for 8 auctions on chain 1, blocks 21895028-21910027
2025-08-31 17:38:41,658 - __main__ - INFO - No from_tokens found for auction 36c85a7F on chain 1
2025-08-31 17:38:41,661 - __main__ - INFO - No from_tokens found for auction 091328C9 on chain 1
2025-08-31 17:38:41,664 - __main__ - INFO - No from_tokens found for auction 6b6b5D3e on chain 1
2025-08-31 17:38:41,666 - __main__ - INFO - No from_tokens found for auction 23467FEa on chain 1
2025-08-31 17:38:41,668 - __main__ - INFO - No from_tokens found for auction 3c6B9A56 on chain 1
2025-08-31 17:38:41,670 - __main__ - INFO - No from_tokens found for auction 33e5dF66 on chain 1
2025-08-31 17:38:41,672 - __main__ - INFO - No from_tokens found for auction 770E0260 on chain 1
2025-08-31 17:38:41,673 - __main__ - INFO - No from_tokens found for auction 68df93F8 on chain 1
2025-08-31 17:38:41,679 - __main__ - INFO - 🔄 Progress: Factory 0xCf..ec40 processed 45,000 blocks, 1,338,836 remaining (at block 21,925,027)
2025-08-31 17:38:42,662 - __main__ - INFO - Checking for Take in 36c85a7F blocks 21910028-21925027
2025-08-31 17:38:43,447 - __main__ - INFO - Checking for Take in 091328C9 blocks 21910028-21925027
2025-08-31 17:38:44,371 - __main__ - INFO - Checking for Take in 6b6b5D3e blocks 21910028-21925027
2025-08-31 17:38:45,789 - __main__ - INFO - Checking for Take in 23467FEa blocks 21910028-21925027
2025-08-31 17:38:46,487 - __main__ - INFO - Checking for Take in 3c6B9A56 blocks 21910028-21925027
2025-08-31 17:38:47,207 - __main__ - INFO - Checking for Take in 33e5dF66 blocks 21910028-21925027
2025-08-31 17:38:47,768 - __main__ - INFO - Checking for Take in 770E0260 blocks 21910028-21925027
2025-08-31 17:38:48,353 - __main__ - INFO - Checking for Take in 68df93F8 blocks 21910028-21925027
2025-08-31 17:38:48,734 - __main__ - INFO - No traditional take events found on chain 1 for blocks 21910028-21925027, trying Transfer event detection
2025-08-31 17:38:48,734 - __main__ - INFO - 🔍 Monitoring Transfer events for 8 auctions on chain 1, blocks 21910028-21925027
2025-08-31 17:38:48,737 - __main__ - INFO - No from_tokens found for auction 36c85a7F on chain 1
2025-08-31 17:38:48,739 - __main__ - INFO - No from_tokens found for auction 091328C9 on chain 1
2025-08-31 17:38:48,741 - __main__ - INFO - No from_tokens found for auction 6b6b5D3e on chain 1
2025-08-31 17:38:48,745 - __main__ - INFO - No from_tokens found for auction 23467FEa on chain 1
2025-08-31 17:38:48,747 - __main__ - INFO - No from_tokens found for auction 3c6B9A56 on chain 1
2025-08-31 17:38:48,750 - __main__ - INFO - No from_tokens found for auction 33e5dF66 on chain 1
2025-08-31 17:38:48,752 - __main__ - INFO - No from_tokens found for auction 770E0260 on chain 1
2025-08-31 17:38:48,754 - __main__ - INFO - No from_tokens found for auction 68df93F8 on chain 1
2025-08-31 17:38:48,760 - __main__ - INFO - 🔄 Progress: Factory 0xCf..ec40 processed 60,000 blocks, 1,323,836 remaining (at block 21,940,027)
2025-08-31 17:38:49,923 - __main__ - INFO - Checking for Take in 36c85a7F blocks 21925028-21940027
2025-08-31 17:38:50,903 - __main__ - INFO - Checking for Take in 091328C9 blocks 21925028-21940027
2025-08-31 17:38:52,131 - __main__ - INFO - Checking for Take in 6b6b5D3e blocks 21925028-21940027
2025-08-31 17:38:53,206 - __main__ - INFO - Checking for Take in 23467FEa blocks 21925028-21940027
2025-08-31 17:38:54,060 - __main__ - INFO - Checking for Take in 3c6B9A56 blocks 21925028-21940027
2025-08-31 17:38:55,065 - __main__ - INFO - Checking for Take in 33e5dF66 blocks 21925028-21940027
2025-08-31 17:38:56,027 - __main__ - INFO - Checking for Take in 770E0260 blocks 21925028-21940027
2025-08-31 17:38:57,454 - __main__ - INFO - Checking for Take in 68df93F8 blocks 21925028-21940027
2025-08-31 17:38:58,189 - __main__ - INFO - No traditional take events found on chain 1 for blocks 21925028-21940027, trying Transfer event detection
2025-08-31 17:38:58,189 - __main__ - INFO - 🔍 Monitoring Transfer events for 8 auctions on chain 1, blocks 21925028-21940027
2025-08-31 17:38:58,191 - __main__ - INFO - No from_tokens found for auction 36c85a7F on chain 1
2025-08-31 17:38:58,192 - __main__ - INFO - No from_tokens found for auction 091328C9 on chain 1
2025-08-31 17:38:58,194 - __main__ - INFO - No from_tokens found for auction 6b6b5D3e on chain 1
2025-08-31 17:38:58,197 - __main__ - INFO - No from_tokens found for auction 23467FEa on chain 1
2025-08-31 17:38:58,198 - __main__ - INFO - No from_tokens found for auction 3c6B9A56 on chain 1
2025-08-31 17:38:58,200 - __main__ - INFO - No from_tokens found for auction 33e5dF66 on chain 1
2025-08-31 17:38:58,201 - __main__ - INFO - No from_tokens found for auction 770E0260 on chain 1
2025-08-31 17:38:58,202 - __main__ - INFO - No from_tokens found for auction 68df93F8 on chain 1
2025-08-31 17:38:58,204 - __main__ - INFO - 🔄 Progress: Factory 0xCf..ec40 processed 75,000 blocks, 1,308,836 remaining (at block 21,955,027)
2025-08-31 17:39:00,764 - __main__ - INFO - Checking for Take in 36c85a7F blocks 21940028-21955027
