2025-09-01 11:14:12,546 - __main__ - INFO - Database connection established
2025-09-01 11:14:12,546 - __main__ - INFO - 🚀 Starting ypricemagic Price Service
2025-09-01 11:14:13,501 - __main__ - INFO - 🌐 Initializing Brownie network connection...
2025-09-01 11:14:13,501 - __main__ - INFO - Connecting to 'electro' network...
2025-09-01 11:14:15,892 - __main__ - INFO - ✅ Connected to Brownie network: electro
2025-09-01 11:14:16,154 - __main__ - INFO - 📊 Chain info: height=23269108, id=1
2025-09-01 11:14:16,421 - __main__ - INFO - 🌐 Web3 connection test: latest block = 23269108
2025-09-01 11:14:16,421 - __main__ - INFO - 📦 Importing ypricemagic...
2025-09-01 11:14:17,090 - dank_mids.envs - INFO - For your information, you can tweak your configuration for optimal performance using any of the envs below:
2025-09-01 11:14:17,090 - typed_envs - INFO - EnvironmentVariable[int](name=`DANKMIDS_MAX_MULTICALL_SIZE`, default_value=10000, using_default=True)
2025-09-01 11:14:17,090 - typed_envs - INFO - EnvironmentVariable[int](name=`DANKMIDS_MAX_JSONRPC_BATCH_SIZE`, default_value=500, using_default=True)
2025-09-01 11:14:17,090 - typed_envs - INFO - EnvironmentVariable[int](name=`DANKMIDS_REQUESTS_PER_SECOND`, default_value=50, using_default=True)
2025-09-01 11:14:17,090 - typed_envs - INFO - EnvironmentVariable[int](name=`DANKMIDS_MIN_REQUESTS_PER_SECOND`, default_value=10, using_default=True)
2025-09-01 11:14:17,090 - typed_envs - INFO - EnvironmentVariable[bool](name=`DANKMIDS_GANACHE_FORK`, default_value=False, using_default=True)
2025-09-01 11:14:17,090 - typed_envs - INFO - EnvironmentVariable[int](name=`DANKMIDS_AIOHTTP_TIMEOUT`, default_value=1200, using_default=True)
2025-09-01 11:14:17,103 - typed_envs - INFO - EnvironmentVariable[bool](name=`DANKMIDS_COLLECT_STATS`, default_value=False, using_default=True)
2025-09-01 11:14:17,104 - typed_envs - INFO - EnvironmentVariable[int](name=`DANKMIDS_STUCK_CALL_TIMEOUT`, default_value=120, using_default=True)
2025-09-01 11:14:17,104 - dank_mids.envs - INFO - More details can be found in dank_mids/ENVIRONMENT_VARIABLES.py
2025-09-01 11:14:17,104 - dank_mids.envs - INFO - NOTE: You can disable these logs by setting the `TYPEDENVS_SHUTUP` env var to any value.
2025-09-01 11:14:17,772 - typed_envs - INFO - EnvironmentVariable[int](name=`YPRICEMAGIC_GETLOGS_BATCH_SIZE`, default_value=0, using_default=True)
2025-09-01 11:14:18,788 - __main__ - INFO - ✅ ypricemagic imported successfully
2025-09-01 11:14:18,788 - __main__ - INFO - 🧪 Testing ypricemagic functionality...
2025-09-01 11:14:18,788 - __main__ - INFO - 🔄 Checking for stale 'processing' requests from previous service instances...
2025-09-01 11:14:18,803 - __main__ - INFO - [27 remaining] Processing 0x09A44D48B8178BDfC59358C355dF51411F6Ac6A8 at block 23241972 (req 2695)
2025-09-01 11:14:18,839 - y.prices.utils.ypriceapi - INFO - ypriceAPI is now in beta!

Head to ypriceapi-beta.yearn.finance and sign up for access. You get:
 - access to your desired price data more quickly...
 - ...from nodes run by yearn-affiliated big brains...
 - ...on all the networks Yearn supports.

Check out some testimonials from our close frens:
 - from anon5948, "I can now get prices for all of my useless shitcoins without waiting all day for ypricemagic to load logs."
 - from anon6307, "I don't need to maintain an archive node anymore and that's saving me money."
 - from anon9909, "Wow, so fast!"

2025-09-01 11:14:18,846 - dank_mids.controller - INFO - Dank Middleware initializing... Strap on your rocket boots...
2025-09-01 11:14:20,170 - y.prices.lending.aave - INFO - loaded 37 v2 atokens for <AaveMarketV2 '0x7d2768dE32b0b80b7a3454c06BdAc94A69DDc7A9'>
2025-09-01 11:14:20,171 - y.prices.lending.aave - INFO - loaded 23 v2 atokens for <AaveMarketV2 '0x7937D4799803FbBe595ed57278Bc4cA21f3bFfCB'>
2025-09-01 11:14:20,171 - y.prices.lending.aave - INFO - loaded 5 v2 atokens for <AaveMarketV2 '0xcE744a9BAf573167B2CF138114BA32ed7De274Fa'>
2025-09-01 11:14:20,172 - y.prices.lending.aave - INFO - loaded 53 v3 atokens for <AaveMarketV3 '0x87870Bca3F3fD6335C3F4ce8392D69350B4fA4E2'>
2025-09-01 11:14:20,172 - y.prices.lending.aave - INFO - loaded 22 v1 atokens for <AaveMarketV1 '0x398eC7346DcD622eDc5ae82352F02bE94C62d119'>
loaded 92 markets for 0x3d5BC3c8d13dcB8bF317092d84783c2697AE9258
2025-09-01 11:14:21,717 - y.prices.lending.compound - INFO - loaded 92 markets for 0x3d5BC3c8d13dcB8bF317092d84783c2697AE9258
loaded 24 markets for 0xAB1c342C7bf5Ec5F02ADEA1c2270670bCa144CbB
2025-09-01 11:14:21,718 - y.prices.lending.compound - INFO - loaded 24 markets for 0xAB1c342C7bf5Ec5F02ADEA1c2270670bCa144CbB
loaded 24 markets for 0x4dCf7407AE5C07f8681e1659f626E114A7667339
2025-09-01 11:14:21,718 - y.prices.lending.compound - INFO - loaded 24 markets for 0x4dCf7407AE5C07f8681e1659f626E114A7667339
loaded 11 markets for 0x3105D328c66d8d55092358cF595d54608178E9B5
2025-09-01 11:14:21,719 - y.prices.lending.compound - INFO - loaded 11 markets for 0x3105D328c66d8d55092358cF595d54608178E9B5
loaded 5 markets for 0x95Af143a021DF745bc78e845b54591C53a8B3A51
2025-09-01 11:14:21,719 - y.prices.lending.compound - INFO - loaded 5 markets for 0x95Af143a021DF745bc78e845b54591C53a8B3A51
loaded 23 markets for 0x687a01ecF6d3907658f7A7c714749fAC32336D1B
2025-09-01 11:14:21,719 - y.prices.lending.compound - INFO - loaded 23 markets for 0x687a01ecF6d3907658f7A7c714749fAC32336D1B
loaded 20 markets for 0x3d9819210A31b4961b30EF54bE2aeD79B9c9Cd3B
2025-09-01 11:14:21,720 - y.prices.lending.compound - INFO - loaded 20 markets for 0x3d9819210A31b4961b30EF54bE2aeD79B9c9Cd3B
2025-09-01 11:14:22,037 - y._db.common - INFO - <FeedsFromEvents addresses=0x47Fb2585D2C56Fe188D0E6ec628a38b74fCeeeDf topics=['0x27a180c70f2642f63d1694eb252b7df52e7ab2565e3f67adf7748acb7d82b9bc']> is cached thru block 23268837, loading from db
2025-09-01 11:14:22,038 - y._db.utils.logs - INFO - executing select query for LogCache(addresses=0x47Fb2585D2C56Fe188D0E6ec628a38b74fCeeeDf, topic0=0x27a180c70f2642f63d1694eb252b7df52e7ab2565e3f67adf7748acb7d82b9bc)
2025-09-01 11:14:22,610 - y._db.common - INFO - <FeedsFromEvents addresses=0x47Fb2585D2C56Fe188D0E6ec628a38b74fCeeeDf topics=['0x27a180c70f2642f63d1694eb252b7df52e7ab2565e3f67adf7748acb7d82b9bc']> loaded 261 objects thru block 23268837 from disk
2025-09-01 11:14:23,395 - y._db.common - INFO - <AddressProviderEvents addresses=0x0000000022D53366457F9d5E68Ec105046FC4383 topics=[]> is cached thru block 23268642, loading from db
2025-09-01 11:14:23,395 - y._db.utils.logs - INFO - executing select query for LogCache(addresses=0x0000000022D53366457F9d5E68Ec105046FC4383)
2025-09-01 11:14:24,116 - y._db.common - INFO - <AddressProviderEvents addresses=0x0000000022D53366457F9d5E68Ec105046FC4383 topics=[]> loaded 37 objects thru block 23268642 from disk
2025-09-01 11:14:24,295 - y._db.common - INFO - <RegistryEvents addresses=0x8F942C20D02bEfc377D41445793068908E2250D0 topics=[]> is cached thru block 23268642, loading from db
2025-09-01 11:14:24,295 - y._db.utils.logs - INFO - executing select query for LogCache(addresses=0x8F942C20D02bEfc377D41445793068908E2250D0)
2025-09-01 11:14:24,295 - y._db.common - INFO - <RegistryEvents addresses=0x90E00ACe148ca3b23Ac1bC8C240C2a7Dd9c2d7f5 topics=[]> is cached thru block 23268642, loading from db
2025-09-01 11:14:24,295 - y._db.utils.logs - INFO - executing select query for LogCache(addresses=0x90E00ACe148ca3b23Ac1bC8C240C2a7Dd9c2d7f5)
2025-09-01 11:14:24,508 - y._db.common - INFO - <RegistryEvents addresses=0x8F942C20D02bEfc377D41445793068908E2250D0 topics=[]> loaded 10 objects thru block 23268642 from disk
2025-09-01 11:14:24,547 - y._db.common - INFO - <RegistryEvents addresses=0x90E00ACe148ca3b23Ac1bC8C240C2a7Dd9c2d7f5 topics=[]> loaded 57 objects thru block 23268642 from disk
2025-09-01 11:14:28,915 - y.prices.stable_swap.curve.startup - INFO - loaded 1836 pools from 2 registries and 7 factories
2025-09-01 11:14:28,955 - y.prices.dex.uniswap.v2 - INFO - Fetching pools for uniswap v2 on Mainnet. If this is your first time using ypricemagic, this can take a while. Please wait patiently...
2025-09-01 11:14:28,955 - y.prices.dex.uniswap.v2 - INFO - Fetching pools for sushiswap on Mainnet. If this is your first time using ypricemagic, this can take a while. Please wait patiently...
2025-09-01 11:14:28,955 - y.prices.dex.uniswap.v2 - INFO - Fetching pools for shibaswap on Mainnet. If this is your first time using ypricemagic, this can take a while. Please wait patiently...
2025-09-01 11:14:28,982 - y._db.common - INFO - <UniV3Pools addresses=['0x1F98431c8aD98523631AE4a59f267346ea31F984'] topics=['0x783cca1c0412dd0d695e784568c96da2e9c22ff989357a2e8b1d9b2b4e6b7118']> is cached thru block 23268837, loading from db
2025-09-01 11:14:28,982 - y._db.utils.logs - INFO - executing select query for LogCache(addresses=['0x1F98431c8aD98523631AE4a59f267346ea31F984'], topic0=0x783cca1c0412dd0d695e784568c96da2e9c22ff989357a2e8b1d9b2b4e6b7118)
2025-09-01 11:14:30,568 - y._db.common - INFO - <PoolsFromEvents label=uniswap v2> is cached thru block 23268656, loading from db
2025-09-01 11:14:30,568 - y._db.utils.logs - INFO - executing select query for LogCache(addresses=['0x5C69bEe701ef814a2B6a3EDD4B1652CB9cc5aA6f'], topic0=['0x0d3648bd0f6ba80134a33ba9275ac585d9d315f0ad8355cddefde31afa28d0e9'])
2025-09-01 11:14:30,569 - y._db.common - INFO - <PoolsFromEvents label=sushiswap> is cached thru block 23268645, loading from db
2025-09-01 11:14:30,569 - y._db.utils.logs - INFO - executing select query for LogCache(addresses=['0xC0AEe478e3658e2610c5F7A4A2E1777cE9e4f2Ac'], topic0=['0x0d3648bd0f6ba80134a33ba9275ac585d9d315f0ad8355cddefde31afa28d0e9'])
2025-09-01 11:14:30,574 - y._db.common - INFO - <PoolsFromEvents label=shibaswap> is cached thru block 23268644, loading from db
2025-09-01 11:14:30,574 - y._db.utils.logs - INFO - executing select query for LogCache(addresses=['0x115934131916C8b277DD010Ee02de363c09d037c'], topic0=['0x0d3648bd0f6ba80134a33ba9275ac585d9d315f0ad8355cddefde31afa28d0e9'])
2025-09-01 11:14:45,183 - y._db.common - INFO - <PoolsFromEvents label=shibaswap> loaded 1021 objects thru block 23268644 from disk
2025-09-01 11:14:45,787 - y.prices.dex.uniswap.v2 - INFO - Loaded 1022 pools supporting 848 tokens on shibaswap
2025-09-01 11:14:48,879 - y._db.common - INFO - <PoolsFromEvents label=sushiswap> loaded 4379 objects thru block 23268645 from disk
2025-09-01 11:14:49,635 - y.prices.dex.uniswap.v2 - INFO - Loaded 4397 pools supporting 3666 tokens on sushiswap
2025-09-01 11:15:13,301 - y._db.common - INFO - <UniV3Pools addresses=['0x1F98431c8aD98523631AE4a59f267346ea31F984'] topics=['0x783cca1c0412dd0d695e784568c96da2e9c22ff989357a2e8b1d9b2b4e6b7118']> loaded 45324 objects thru block 23268837 from disk
2025-09-01 11:17:14,691 - y._db.common - INFO - <PoolsFromEvents label=uniswap v2> loaded 453532 objects thru block 23268656 from disk
2025-09-01 11:18:32,258 - y.prices.dex.uniswap.v2 - INFO - Loaded 453835 pools supporting 444896 tokens on uniswap v2
2025-09-01 11:20:45,409 - y._db.common - INFO - <BalancerEvents addresses=0xBA12222222228d8Ba445958a75a0704d566BF2C8 topics=['0x3c13bc30b8e878c53fd2a36b679409c073afd75950be43d8858768e956fbc20e']> is cached thru block 23268837, loading from db
2025-09-01 11:20:45,410 - y._db.utils.logs - INFO - executing select query for LogCache(addresses=0xBA12222222228d8Ba445958a75a0704d566BF2C8, topic0=0x3c13bc30b8e878c53fd2a36b679409c073afd75950be43d8858768e956fbc20e)
2025-09-01 11:20:46,897 - y._db.common - INFO - <BalancerEvents addresses=0xBA12222222228d8Ba445958a75a0704d566BF2C8 topics=['0x3c13bc30b8e878c53fd2a36b679409c073afd75950be43d8858768e956fbc20e']> loaded 1784 objects thru block 23268837 from disk
2025-09-01 11:20:51,354 - y.prices.ETH.0x09A44D48B8178BDfC59358C355dF51411F6Ac6A8.23241972.magic - WARNING - failed to get price for ERC20
2025-09-01 11:20:51,354 - __main__ - INFO - [26 remaining] ❌ Failed 0x09A44D48B8178BDfC59358C355dF51411F6Ac6A8 - ypricemagic error: PriceError while fetching Mainnet ERC20 0x09A44D48B8178BDfC59358C355dF51411F6Ac6A8 at block 23241972
2025-09-01 11:20:51,361 - __main__ - INFO - [26 remaining] Processing 0x09A44D48B8178BDfC59358C355dF51411F6Ac6A8 at block 23242072 (req 2699)
2025-09-01 11:20:52,983 - y.prices.ETH.0x09A44D48B8178BDfC59358C355dF51411F6Ac6A8.23242072.magic - WARNING - failed to get price for ERC20
2025-09-01 11:20:52,983 - __main__ - INFO - [25 remaining] ❌ Failed 0x09A44D48B8178BDfC59358C355dF51411F6Ac6A8 - ypricemagic error: PriceError while fetching Mainnet ERC20 0x09A44D48B8178BDfC59358C355dF51411F6Ac6A8 at block 23242072
2025-09-01 11:20:52,991 - __main__ - INFO - [25 remaining] Processing 0x09A44D48B8178BDfC59358C355dF51411F6Ac6A8 at block 23242400 (req 2707)
2025-09-01 11:20:54,597 - y.prices.ETH.0x09A44D48B8178BDfC59358C355dF51411F6Ac6A8.23242400.magic - WARNING - failed to get price for ERC20
2025-09-01 11:20:54,597 - __main__ - INFO - [24 remaining] ❌ Failed 0x09A44D48B8178BDfC59358C355dF51411F6Ac6A8 - ypricemagic error: PriceError while fetching Mainnet ERC20 0x09A44D48B8178BDfC59358C355dF51411F6Ac6A8 at block 23242400
2025-09-01 11:20:54,605 - __main__ - INFO - [24 remaining] Processing 0x09A44D48B8178BDfC59358C355dF51411F6Ac6A8 at block 23242613 (req 2713)
2025-09-01 11:20:56,206 - y.prices.ETH.0x09A44D48B8178BDfC59358C355dF51411F6Ac6A8.23242613.magic - WARNING - failed to get price for ERC20
2025-09-01 11:20:56,206 - __main__ - INFO - [23 remaining] ❌ Failed 0x09A44D48B8178BDfC59358C355dF51411F6Ac6A8 - ypricemagic error: PriceError while fetching Mainnet ERC20 0x09A44D48B8178BDfC59358C355dF51411F6Ac6A8 at block 23242613
2025-09-01 11:20:56,213 - __main__ - INFO - [23 remaining] Processing 0x09A44D48B8178BDfC59358C355dF51411F6Ac6A8 at block 23243118 (req 2735)
2025-09-01 11:20:57,836 - y.prices.ETH.0x09A44D48B8178BDfC59358C355dF51411F6Ac6A8.23243118.magic - WARNING - failed to get price for ERC20
2025-09-01 11:20:57,836 - __main__ - INFO - [22 remaining] ❌ Failed 0x09A44D48B8178BDfC59358C355dF51411F6Ac6A8 - ypricemagic error: PriceError while fetching Mainnet ERC20 0x09A44D48B8178BDfC59358C355dF51411F6Ac6A8 at block 23243118
2025-09-01 11:20:57,842 - __main__ - INFO - [22 remaining] Processing 0x09A44D48B8178BDfC59358C355dF51411F6Ac6A8 at block 23243752 (req 2763)
2025-09-01 11:20:59,445 - y.prices.ETH.0x09A44D48B8178BDfC59358C355dF51411F6Ac6A8.23243752.magic - WARNING - failed to get price for ERC20
2025-09-01 11:20:59,445 - __main__ - INFO - [21 remaining] ❌ Failed 0x09A44D48B8178BDfC59358C355dF51411F6Ac6A8 - ypricemagic error: PriceError while fetching Mainnet ERC20 0x09A44D48B8178BDfC59358C355dF51411F6Ac6A8 at block 23243752
2025-09-01 11:20:59,450 - __main__ - INFO - [21 remaining] Processing 0x09A44D48B8178BDfC59358C355dF51411F6Ac6A8 at block 23243957 (req 2771)
2025-09-01 11:21:01,047 - y.prices.ETH.0x09A44D48B8178BDfC59358C355dF51411F6Ac6A8.23243957.magic - WARNING - failed to get price for ERC20
2025-09-01 11:21:01,048 - __main__ - INFO - [20 remaining] ❌ Failed 0x09A44D48B8178BDfC59358C355dF51411F6Ac6A8 - ypricemagic error: PriceError while fetching Mainnet ERC20 0x09A44D48B8178BDfC59358C355dF51411F6Ac6A8 at block 23243957
2025-09-01 11:21:01,054 - __main__ - INFO - [20 remaining] Processing 0x18f85861488380a7577c73B25df1C4458e5191F8 (yvCurve-GHO-USR-f) at block 23245463 (req 2809)
2025-09-01 11:21:06,128 - __main__ - INFO - [19 remaining] ❌ Failed 0x18f85861488380a7577c73B25df1C4458e5191F8 - ypricemagic error: ContractNotFound(No contract deployed at 0xB6aF437ceEa0DBeA524115eFC905F0F44fd1eBAF) while fetching Mainnet fxUSD 0x085780639CC2cACd35E474e71f4d000e2405d8f6 at block 23245463
2025-09-01 11:21:06,131 - __main__ - INFO - [19 remaining] Processing 0x84b2e82Ef534e8bE05276DBf4F9e5474fBeD5E59 at block 23246962 (req 2893)
2025-09-01 11:21:10,498 - y.prices.ETH.0x84b2e82Ef534e8bE05276DBf4F9e5474fBeD5E59.23246962.magic - WARNING - failed to get price for ERC20
2025-09-01 11:21:10,499 - __main__ - INFO - [18 remaining] ❌ Failed 0x84b2e82Ef534e8bE05276DBf4F9e5474fBeD5E59 - ypricemagic error: PriceError while fetching Mainnet ERC20 0x84b2e82Ef534e8bE05276DBf4F9e5474fBeD5E59 at block 23246962
2025-09-01 11:21:10,501 - __main__ - INFO - [18 remaining] Processing 0x84b2e82Ef534e8bE05276DBf4F9e5474fBeD5E59 at block 23247083 (req 2899)
2025-09-01 11:21:12,098 - y.prices.ETH.0x84b2e82Ef534e8bE05276DBf4F9e5474fBeD5E59.23247083.magic - WARNING - failed to get price for ERC20
2025-09-01 11:21:12,098 - __main__ - INFO - [17 remaining] ❌ Failed 0x84b2e82Ef534e8bE05276DBf4F9e5474fBeD5E59 - ypricemagic error: PriceError while fetching Mainnet ERC20 0x84b2e82Ef534e8bE05276DBf4F9e5474fBeD5E59 at block 23247083
2025-09-01 11:21:12,104 - __main__ - INFO - [17 remaining] Processing 0x84b2e82Ef534e8bE05276DBf4F9e5474fBeD5E59 at block 23247153 (req 2903)
2025-09-01 11:21:13,712 - y.prices.ETH.0x84b2e82Ef534e8bE05276DBf4F9e5474fBeD5E59.23247153.magic - WARNING - failed to get price for ERC20
2025-09-01 11:21:13,713 - __main__ - INFO - [16 remaining] ❌ Failed 0x84b2e82Ef534e8bE05276DBf4F9e5474fBeD5E59 - ypricemagic error: PriceError while fetching Mainnet ERC20 0x84b2e82Ef534e8bE05276DBf4F9e5474fBeD5E59 at block 23247153
2025-09-01 11:21:13,719 - __main__ - INFO - [16 remaining] Processing 0x84b2e82Ef534e8bE05276DBf4F9e5474fBeD5E59 at block 23247281 (req 2911)
2025-09-01 11:21:15,317 - y.prices.ETH.0x84b2e82Ef534e8bE05276DBf4F9e5474fBeD5E59.23247281.magic - WARNING - failed to get price for ERC20
2025-09-01 11:21:15,317 - __main__ - INFO - [15 remaining] ❌ Failed 0x84b2e82Ef534e8bE05276DBf4F9e5474fBeD5E59 - ypricemagic error: PriceError while fetching Mainnet ERC20 0x84b2e82Ef534e8bE05276DBf4F9e5474fBeD5E59 at block 23247281
2025-09-01 11:21:15,327 - __main__ - INFO - [15 remaining] Processing 0x84b2e82Ef534e8bE05276DBf4F9e5474fBeD5E59 at block 23247572 (req 2915)
2025-09-01 11:21:16,934 - y.prices.ETH.0x84b2e82Ef534e8bE05276DBf4F9e5474fBeD5E59.23247572.magic - WARNING - failed to get price for ERC20
2025-09-01 11:21:16,934 - __main__ - INFO - [14 remaining] ❌ Failed 0x84b2e82Ef534e8bE05276DBf4F9e5474fBeD5E59 - ypricemagic error: PriceError while fetching Mainnet ERC20 0x84b2e82Ef534e8bE05276DBf4F9e5474fBeD5E59 at block 23247572
2025-09-01 11:21:16,938 - __main__ - INFO - [14 remaining] Processing 0x18f85861488380a7577c73B25df1C4458e5191F8 (yvCurve-GHO-USR-f) at block 23248356 (req 2925)
2025-09-01 11:21:17,821 - __main__ - INFO - [13 remaining] ❌ Failed 0x18f85861488380a7577c73B25df1C4458e5191F8 - ypricemagic error: ContractNotFound(No contract deployed at 0xB6aF437ceEa0DBeA524115eFC905F0F44fd1eBAF) while fetching Mainnet fxUSD 0x085780639CC2cACd35E474e71f4d000e2405d8f6 at block 23248356
2025-09-01 11:21:17,825 - __main__ - INFO - [13 remaining] Processing 0x84b2e82Ef534e8bE05276DBf4F9e5474fBeD5E59 at block 23248363 (req 2929)
2025-09-01 11:21:19,402 - y.prices.ETH.0x84b2e82Ef534e8bE05276DBf4F9e5474fBeD5E59.23248363.magic - WARNING - failed to get price for ERC20
2025-09-01 11:21:19,402 - __main__ - INFO - [12 remaining] ❌ Failed 0x84b2e82Ef534e8bE05276DBf4F9e5474fBeD5E59 - ypricemagic error: PriceError while fetching Mainnet ERC20 0x84b2e82Ef534e8bE05276DBf4F9e5474fBeD5E59 at block 23248363
2025-09-01 11:21:19,408 - __main__ - INFO - [12 remaining] Processing 0x96228bA6b17C36a26E2A42d4Ad2256e755e4e726 at block 22954153 (req 961)
2025-09-01 11:21:23,601 - y.prices.ETH.0x96228bA6b17C36a26E2A42d4Ad2256e755e4e726.22954153.magic - WARNING - failed to get price for ERC20
2025-09-01 11:21:23,601 - __main__ - INFO - [11 remaining] ❌ Failed 0x96228bA6b17C36a26E2A42d4Ad2256e755e4e726 - ypricemagic error: PriceError while fetching Mainnet ERC20 0x96228bA6b17C36a26E2A42d4Ad2256e755e4e726 at block 22954153
2025-09-01 11:21:23,606 - __main__ - INFO - [11 remaining] Processing 0x96228bA6b17C36a26E2A42d4Ad2256e755e4e726 at block 22954169 (req 963)
2025-09-01 11:21:25,182 - y.prices.ETH.0x96228bA6b17C36a26E2A42d4Ad2256e755e4e726.22954169.magic - WARNING - failed to get price for ERC20
2025-09-01 11:21:25,182 - __main__ - INFO - [10 remaining] ❌ Failed 0x96228bA6b17C36a26E2A42d4Ad2256e755e4e726 - ypricemagic error: PriceError while fetching Mainnet ERC20 0x96228bA6b17C36a26E2A42d4Ad2256e755e4e726 at block 22954169
2025-09-01 11:21:25,189 - __main__ - INFO - [10 remaining] Processing 0x47D1b57e5B542808eeEd0C509583Fa12d023f05e at block 23264570 (req 3041)
2025-09-01 11:21:29,969 - y.prices.ETH.0x47D1b57e5B542808eeEd0C509583Fa12d023f05e.23264570.magic - WARNING - failed to get price for ERC20
2025-09-01 11:21:29,969 - __main__ - INFO - [9 remaining] ❌ Failed 0x47D1b57e5B542808eeEd0C509583Fa12d023f05e - ypricemagic error: PriceError while fetching Mainnet ERC20 0x47D1b57e5B542808eeEd0C509583Fa12d023f05e at block 23264570
2025-09-01 11:21:29,974 - __main__ - INFO - [9 remaining] Processing 0x00FB6c3E10Ad5dD314A12744A3CA8889e14DCeee at block 23092304 (req 1487)
2025-09-01 11:21:34,071 - y.prices.ETH.0x00FB6c3E10Ad5dD314A12744A3CA8889e14DCeee.23092304.magic - WARNING - failed to get price for ERC20
2025-09-01 11:21:34,071 - __main__ - INFO - [8 remaining] ❌ Failed 0x00FB6c3E10Ad5dD314A12744A3CA8889e14DCeee - ypricemagic error: PriceError while fetching Mainnet ERC20 0x00FB6c3E10Ad5dD314A12744A3CA8889e14DCeee at block 23092304
2025-09-01 11:21:34,075 - __main__ - INFO - [8 remaining] Processing 0x58Bf7185d32d2dbcB53Ff7F5068E4EBde226ccD1 at block 23097618 (req 1571)
2025-09-01 11:21:38,155 - y.prices.ETH.0x58Bf7185d32d2dbcB53Ff7F5068E4EBde226ccD1.23097618.magic - WARNING - failed to get price for ERC20
2025-09-01 11:21:38,155 - __main__ - INFO - [7 remaining] ❌ Failed 0x58Bf7185d32d2dbcB53Ff7F5068E4EBde226ccD1 - ypricemagic error: PriceError while fetching Mainnet ERC20 0x58Bf7185d32d2dbcB53Ff7F5068E4EBde226ccD1 at block 23097618
2025-09-01 11:21:38,162 - __main__ - INFO - [7 remaining] Processing 0x58Bf7185d32d2dbcB53Ff7F5068E4EBde226ccD1 at block 23097886 (req 1575)
2025-09-01 11:21:39,767 - y.prices.ETH.0x58Bf7185d32d2dbcB53Ff7F5068E4EBde226ccD1.23097886.magic - WARNING - failed to get price for ERC20
2025-09-01 11:21:39,767 - __main__ - INFO - [6 remaining] ❌ Failed 0x58Bf7185d32d2dbcB53Ff7F5068E4EBde226ccD1 - ypricemagic error: PriceError while fetching Mainnet ERC20 0x58Bf7185d32d2dbcB53Ff7F5068E4EBde226ccD1 at block 23097886
2025-09-01 11:21:39,769 - __main__ - INFO - [6 remaining] Processing 0x58Bf7185d32d2dbcB53Ff7F5068E4EBde226ccD1 at block 23098460 (req 1585)
2025-09-01 11:21:41,346 - y.prices.ETH.0x58Bf7185d32d2dbcB53Ff7F5068E4EBde226ccD1.23098460.magic - WARNING - failed to get price for ERC20
2025-09-01 11:21:41,346 - __main__ - INFO - [5 remaining] ❌ Failed 0x58Bf7185d32d2dbcB53Ff7F5068E4EBde226ccD1 - ypricemagic error: PriceError while fetching Mainnet ERC20 0x58Bf7185d32d2dbcB53Ff7F5068E4EBde226ccD1 at block 23098460
2025-09-01 11:21:41,350 - __main__ - INFO - [5 remaining] Processing 0x58Bf7185d32d2dbcB53Ff7F5068E4EBde226ccD1 at block 23098593 (req 1589)
2025-09-01 11:21:42,928 - y.prices.ETH.0x58Bf7185d32d2dbcB53Ff7F5068E4EBde226ccD1.23098593.magic - WARNING - failed to get price for ERC20
2025-09-01 11:21:42,928 - __main__ - INFO - [4 remaining] ❌ Failed 0x58Bf7185d32d2dbcB53Ff7F5068E4EBde226ccD1 - ypricemagic error: PriceError while fetching Mainnet ERC20 0x58Bf7185d32d2dbcB53Ff7F5068E4EBde226ccD1 at block 23098593
2025-09-01 11:21:42,933 - __main__ - INFO - [4 remaining] Processing 0x797F5636d80b010a6d9F8e14fAFD26C61D7cFb3E at block 23137981 (req 1767)
2025-09-01 11:21:46,862 - y.prices.ETH.0x797F5636d80b010a6d9F8e14fAFD26C61D7cFb3E.23137981.magic - WARNING - failed to get price for ERC20
2025-09-01 11:21:46,862 - __main__ - INFO - [3 remaining] ❌ Failed 0x797F5636d80b010a6d9F8e14fAFD26C61D7cFb3E - ypricemagic error: PriceError while fetching Mainnet ERC20 0x797F5636d80b010a6d9F8e14fAFD26C61D7cFb3E at block 23137981
2025-09-01 11:21:46,867 - __main__ - INFO - [3 remaining] Processing 0x66093d063a226B641E59e50d8e022bc84785DB79 at block 23145555 (req 1893)
2025-09-01 11:21:51,146 - y.prices.ETH.0x66093d063a226B641E59e50d8e022bc84785DB79.23145555.magic - WARNING - failed to get price for ERC20
2025-09-01 11:21:51,146 - __main__ - INFO - [2 remaining] ❌ Failed 0x66093d063a226B641E59e50d8e022bc84785DB79 - ypricemagic error: PriceError while fetching Mainnet ERC20 0x66093d063a226B641E59e50d8e022bc84785DB79 at block 23145555
2025-09-01 11:21:51,151 - __main__ - INFO - [2 remaining] Processing 0xDbfEdD5FF5a062D6E936EeA7Cf8e27D3463A7002 at block 23146373 (req 1911)
2025-09-01 11:21:55,167 - y.prices.ETH.0xDbfEdD5FF5a062D6E936EeA7Cf8e27D3463A7002.23146373.magic - WARNING - failed to get price for ERC20
2025-09-01 11:21:55,168 - __main__ - INFO - [1 remaining] ❌ Failed 0xDbfEdD5FF5a062D6E936EeA7Cf8e27D3463A7002 - ypricemagic error: PriceError while fetching Mainnet ERC20 0xDbfEdD5FF5a062D6E936EeA7Cf8e27D3463A7002 at block 23146373
2025-09-01 11:21:55,171 - __main__ - INFO - [1 remaining] Processing 0xDbfEdD5FF5a062D6E936EeA7Cf8e27D3463A7002 at block 23146537 (req 1917)
2025-09-01 11:21:56,759 - y.prices.ETH.0xDbfEdD5FF5a062D6E936EeA7Cf8e27D3463A7002.23146537.magic - WARNING - failed to get price for ERC20
2025-09-01 11:21:56,759 - __main__ - INFO - [0 remaining] ❌ Failed 0xDbfEdD5FF5a062D6E936EeA7Cf8e27D3463A7002 - ypricemagic error: PriceError while fetching Mainnet ERC20 0xDbfEdD5FF5a062D6E936EeA7Cf8e27D3463A7002 at block 23146537
2025-09-01 11:22:01,772 - __main__ - INFO - [16 remaining] Processing 0x09A44D48B8178BDfC59358C355dF51411F6Ac6A8 at block 23241972 (req 2695)
2025-09-01 11:22:01,776 - y.prices.ETH.0x09A44D48B8178BDfC59358C355dF51411F6Ac6A8.23241972.magic - WARNING - failed to get price for ERC20
2025-09-01 11:22:01,776 - __main__ - INFO - [15 remaining] ❌ Failed 0x09A44D48B8178BDfC59358C355dF51411F6Ac6A8 - ypricemagic error: PriceError while fetching Mainnet ERC20 0x09A44D48B8178BDfC59358C355dF51411F6Ac6A8 at block 23241972
2025-09-01 11:22:01,777 - __main__ - INFO - [15 remaining] Processing 0x09A44D48B8178BDfC59358C355dF51411F6Ac6A8 at block 23242072 (req 2699)
2025-09-01 11:22:01,779 - y.prices.ETH.0x09A44D48B8178BDfC59358C355dF51411F6Ac6A8.23242072.magic - WARNING - failed to get price for ERC20
2025-09-01 11:22:01,779 - __main__ - INFO - [14 remaining] ❌ Failed 0x09A44D48B8178BDfC59358C355dF51411F6Ac6A8 - ypricemagic error: PriceError while fetching Mainnet ERC20 0x09A44D48B8178BDfC59358C355dF51411F6Ac6A8 at block 23242072
2025-09-01 11:22:01,781 - __main__ - INFO - [14 remaining] Processing 0x09A44D48B8178BDfC59358C355dF51411F6Ac6A8 at block 23242400 (req 2707)
2025-09-01 11:22:01,783 - y.prices.ETH.0x09A44D48B8178BDfC59358C355dF51411F6Ac6A8.23242400.magic - WARNING - failed to get price for ERC20
2025-09-01 11:22:01,783 - __main__ - INFO - [13 remaining] ❌ Failed 0x09A44D48B8178BDfC59358C355dF51411F6Ac6A8 - ypricemagic error: PriceError while fetching Mainnet ERC20 0x09A44D48B8178BDfC59358C355dF51411F6Ac6A8 at block 23242400
2025-09-01 11:22:01,785 - __main__ - INFO - [13 remaining] Processing 0x09A44D48B8178BDfC59358C355dF51411F6Ac6A8 at block 23242613 (req 2713)
2025-09-01 11:22:01,787 - y.prices.ETH.0x09A44D48B8178BDfC59358C355dF51411F6Ac6A8.23242613.magic - WARNING - failed to get price for ERC20
2025-09-01 11:22:01,787 - __main__ - INFO - [12 remaining] ❌ Failed 0x09A44D48B8178BDfC59358C355dF51411F6Ac6A8 - ypricemagic error: PriceError while fetching Mainnet ERC20 0x09A44D48B8178BDfC59358C355dF51411F6Ac6A8 at block 23242613
2025-09-01 11:22:01,790 - __main__ - INFO - [12 remaining] Processing 0x09A44D48B8178BDfC59358C355dF51411F6Ac6A8 at block 23243118 (req 2735)
2025-09-01 11:22:01,792 - y.prices.ETH.0x09A44D48B8178BDfC59358C355dF51411F6Ac6A8.23243118.magic - WARNING - failed to get price for ERC20
2025-09-01 11:22:01,792 - __main__ - INFO - [11 remaining] ❌ Failed 0x09A44D48B8178BDfC59358C355dF51411F6Ac6A8 - ypricemagic error: PriceError while fetching Mainnet ERC20 0x09A44D48B8178BDfC59358C355dF51411F6Ac6A8 at block 23243118
2025-09-01 11:22:01,794 - __main__ - INFO - [11 remaining] Processing 0x09A44D48B8178BDfC59358C355dF51411F6Ac6A8 at block 23243752 (req 2763)
2025-09-01 11:22:01,795 - y.prices.ETH.0x09A44D48B8178BDfC59358C355dF51411F6Ac6A8.23243752.magic - WARNING - failed to get price for ERC20
2025-09-01 11:22:01,795 - __main__ - INFO - [10 remaining] ❌ Failed 0x09A44D48B8178BDfC59358C355dF51411F6Ac6A8 - ypricemagic error: PriceError while fetching Mainnet ERC20 0x09A44D48B8178BDfC59358C355dF51411F6Ac6A8 at block 23243752
2025-09-01 11:22:01,796 - __main__ - INFO - [10 remaining] Processing 0x09A44D48B8178BDfC59358C355dF51411F6Ac6A8 at block 23243957 (req 2771)
2025-09-01 11:22:01,798 - y.prices.ETH.0x09A44D48B8178BDfC59358C355dF51411F6Ac6A8.23243957.magic - WARNING - failed to get price for ERC20
2025-09-01 11:22:01,798 - __main__ - INFO - [9 remaining] ❌ Failed 0x09A44D48B8178BDfC59358C355dF51411F6Ac6A8 - ypricemagic error: PriceError while fetching Mainnet ERC20 0x09A44D48B8178BDfC59358C355dF51411F6Ac6A8 at block 23243957
2025-09-01 11:22:01,799 - __main__ - INFO - [9 remaining] Processing 0x18f85861488380a7577c73B25df1C4458e5191F8 (yvCurve-GHO-USR-f) at block 23245463 (req 2809)
2025-09-01 11:22:02,105 - __main__ - INFO - [8 remaining] ❌ Failed 0x18f85861488380a7577c73B25df1C4458e5191F8 - ypricemagic error: ContractNotFound(No contract deployed at 0xB6aF437ceEa0DBeA524115eFC905F0F44fd1eBAF) while fetching Mainnet fxUSD 0x085780639CC2cACd35E474e71f4d000e2405d8f6 at block 23245463
2025-09-01 11:22:02,110 - __main__ - INFO - [8 remaining] Processing 0x84b2e82Ef534e8bE05276DBf4F9e5474fBeD5E59 at block 23246962 (req 2893)
2025-09-01 11:22:02,113 - y.prices.ETH.0x84b2e82Ef534e8bE05276DBf4F9e5474fBeD5E59.23246962.magic - WARNING - failed to get price for ERC20
2025-09-01 11:22:02,114 - __main__ - INFO - [7 remaining] ❌ Failed 0x84b2e82Ef534e8bE05276DBf4F9e5474fBeD5E59 - ypricemagic error: PriceError while fetching Mainnet ERC20 0x84b2e82Ef534e8bE05276DBf4F9e5474fBeD5E59 at block 23246962
2025-09-01 11:22:02,116 - __main__ - INFO - [7 remaining] Processing 0x84b2e82Ef534e8bE05276DBf4F9e5474fBeD5E59 at block 23247083 (req 2899)
2025-09-01 11:22:02,117 - y.prices.ETH.0x84b2e82Ef534e8bE05276DBf4F9e5474fBeD5E59.23247083.magic - WARNING - failed to get price for ERC20
2025-09-01 11:22:02,118 - __main__ - INFO - [6 remaining] ❌ Failed 0x84b2e82Ef534e8bE05276DBf4F9e5474fBeD5E59 - ypricemagic error: PriceError while fetching Mainnet ERC20 0x84b2e82Ef534e8bE05276DBf4F9e5474fBeD5E59 at block 23247083
2025-09-01 11:22:02,119 - __main__ - INFO - [6 remaining] Processing 0x84b2e82Ef534e8bE05276DBf4F9e5474fBeD5E59 at block 23247153 (req 2903)
2025-09-01 11:22:02,121 - y.prices.ETH.0x84b2e82Ef534e8bE05276DBf4F9e5474fBeD5E59.23247153.magic - WARNING - failed to get price for ERC20
2025-09-01 11:22:02,122 - __main__ - INFO - [5 remaining] ❌ Failed 0x84b2e82Ef534e8bE05276DBf4F9e5474fBeD5E59 - ypricemagic error: PriceError while fetching Mainnet ERC20 0x84b2e82Ef534e8bE05276DBf4F9e5474fBeD5E59 at block 23247153
2025-09-01 11:22:02,124 - __main__ - INFO - [5 remaining] Processing 0x84b2e82Ef534e8bE05276DBf4F9e5474fBeD5E59 at block 23247281 (req 2911)
2025-09-01 11:22:02,126 - y.prices.ETH.0x84b2e82Ef534e8bE05276DBf4F9e5474fBeD5E59.23247281.magic - WARNING - failed to get price for ERC20
2025-09-01 11:22:02,126 - __main__ - INFO - [4 remaining] ❌ Failed 0x84b2e82Ef534e8bE05276DBf4F9e5474fBeD5E59 - ypricemagic error: PriceError while fetching Mainnet ERC20 0x84b2e82Ef534e8bE05276DBf4F9e5474fBeD5E59 at block 23247281
2025-09-01 11:22:02,127 - __main__ - INFO - [4 remaining] Processing 0x84b2e82Ef534e8bE05276DBf4F9e5474fBeD5E59 at block 23247572 (req 2915)
2025-09-01 11:22:02,129 - y.prices.ETH.0x84b2e82Ef534e8bE05276DBf4F9e5474fBeD5E59.23247572.magic - WARNING - failed to get price for ERC20
2025-09-01 11:22:02,129 - __main__ - INFO - [3 remaining] ❌ Failed 0x84b2e82Ef534e8bE05276DBf4F9e5474fBeD5E59 - ypricemagic error: PriceError while fetching Mainnet ERC20 0x84b2e82Ef534e8bE05276DBf4F9e5474fBeD5E59 at block 23247572
2025-09-01 11:22:02,131 - __main__ - INFO - [3 remaining] Processing 0x18f85861488380a7577c73B25df1C4458e5191F8 (yvCurve-GHO-USR-f) at block 23248356 (req 2925)
2025-09-01 11:22:02,401 - __main__ - INFO - [2 remaining] ❌ Failed 0x18f85861488380a7577c73B25df1C4458e5191F8 - ypricemagic error: ContractNotFound(No contract deployed at 0xB6aF437ceEa0DBeA524115eFC905F0F44fd1eBAF) while fetching Mainnet fxUSD 0x085780639CC2cACd35E474e71f4d000e2405d8f6 at block 23248356
2025-09-01 11:22:02,405 - __main__ - INFO - [2 remaining] Processing 0x84b2e82Ef534e8bE05276DBf4F9e5474fBeD5E59 at block 23248363 (req 2929)
2025-09-01 11:22:02,407 - y.prices.ETH.0x84b2e82Ef534e8bE05276DBf4F9e5474fBeD5E59.23248363.magic - WARNING - failed to get price for ERC20
2025-09-01 11:22:02,408 - __main__ - INFO - [1 remaining] ❌ Failed 0x84b2e82Ef534e8bE05276DBf4F9e5474fBeD5E59 - ypricemagic error: PriceError while fetching Mainnet ERC20 0x84b2e82Ef534e8bE05276DBf4F9e5474fBeD5E59 at block 23248363
2025-09-01 11:22:02,411 - __main__ - INFO - [1 remaining] Processing 0x47D1b57e5B542808eeEd0C509583Fa12d023f05e at block 23264570 (req 3041)
2025-09-01 11:22:02,413 - y.prices.ETH.0x47D1b57e5B542808eeEd0C509583Fa12d023f05e.23264570.magic - WARNING - failed to get price for ERC20
2025-09-01 11:22:02,413 - __main__ - INFO - [0 remaining] ❌ Failed 0x47D1b57e5B542808eeEd0C509583Fa12d023f05e - ypricemagic error: PriceError while fetching Mainnet ERC20 0x47D1b57e5B542808eeEd0C509583Fa12d023f05e at block 23264570
