2025-09-01 14:49:49,188 - __main__ - INFO - ✅ Database connection established
2025-09-01 14:49:49,188 - __main__ - INFO - 🚀 Starting CowSwap Price Service
2025-09-01 14:49:49,188 - __main__ - INFO - 📊 Settings: poll_interval=10s, recency_blocks=5000
2025-09-01 14:49:49,188 - __main__ - INFO - 🌐 CowSwap API supports mainnet (chain_id=1) only
2025-09-01 14:49:49,208 - __main__ - INFO - [COWSWAP] Found 11 recent unprocessed mainnet takes (< 5000 blocks old)
2025-09-01 14:49:49,208 - __main__ - INFO - [COWSWAP] Processing 11 takes with 15 unique tokens
2025-09-01 14:49:49,208 - __main__ - INFO - [COWSWAP] 🔍 Fetching prices for 15 tokens via quotes
2025-09-01 14:49:49,208 - __main__ - INFO - [COWSWAP] 📤 Requesting quote for 0x5B8C..E270
2025-09-01 14:49:49,208 - __main__ - INFO - [COWSWAP] 📤 Sell amount: 1000000000000000000 0x5B8C..E270
2025-09-01 14:49:49,208 - __main__ - INFO - [COWSWAP] 📤 From address: 0x47ac0Fb4F2D84898e4D9E7b4DaB3C24507a6D503
2025-09-01 14:49:49,212 - urllib3.connectionpool - DEBUG - Starting new HTTPS connection (1): api.cow.fi:443
2025-09-01 14:49:49,238 - urllib3.connectionpool - DEBUG - https://api.cow.fi:443 "POST /mainnet/api/v1/quote HTTP/1.1" 403 919
2025-09-01 14:49:49,239 - __main__ - INFO - [COWSWAP] 📥 Response: 403
2025-09-01 14:49:49,239 - __main__ - ERROR - [COWSWAP] ❌ 403 FORBIDDEN for 0x5B8C..E270
2025-09-01 14:49:49,239 - __main__ - ERROR - [COWSWAP] 📄 Response headers: {'Server': 'CloudFront', 'Date': 'Mon, 01 Sep 2025 18:49:49 GMT', 'Content-Type': 'text/html', 'Content-Length': '919', 'Connection': 'keep-alive', 'X-Cache': 'Error from cloudfront', 'Via': '1.1 ed769d9f7e8f06199b47692e115648e2.cloudfront.net (CloudFront)', 'X-Amz-Cf-Pop': 'ATL59-P14', 'X-Amz-Cf-Id': 'Vuuap6mMVY5Uf5DnEYYj0nK8O9nRTGxtBi50W-FDv2fBnskL6ofVOA=='}
2025-09-01 14:49:49,239 - __main__ - ERROR - [COWSWAP] 📄 Full response body: <!DOCTYPE HTML PUBLIC "-//W3C//DTD HTML 4.01 Transitional//EN" "http://www.w3.org/TR/html4/loose.dtd">
<HTML><HEAD><META HTTP-EQUIV="Content-Type" CONTENT="text/html; charset=iso-8859-1">
<TITLE>ERROR: The request could not be satisfied</TITLE>
</HEAD><BODY>
<H1>403 ERROR</H1>
<H2>The request could not be satisfied.</H2>
<HR noshade size="1px">
Request blocked.
We can't connect to the server for this app or website at this time. There might be too much traffic or a configuration error. Try again later, or contact the app or website owner.
<BR clear="all">
If you provide content to customers through CloudFront, you can find steps to troubleshoot and help prevent this error by reviewing the CloudFront documentation.
<BR clear="all">
<HR noshade size="1px">
<PRE>
Generated by cloudfront (CloudFront)
Request ID: Vuuap6mMVY5Uf5DnEYYj0nK8O9nRTGxtBi50W-FDv2fBnskL6ofVOA==
</PRE>
<ADDRESS>
</ADDRESS>
</BODY></HTML>
2025-09-01 14:49:49,239 - __main__ - ERROR - [COWSWAP] 🌐 Request URL: https://api.cow.fi/mainnet/api/v1/quote
2025-09-01 14:49:49,239 - __main__ - DEBUG - [COWSWAP] ❌ No price for 0x5B8C..E270
2025-09-01 14:49:49,342 - __main__ - INFO - [COWSWAP] 📤 Requesting quote for 0x9798..2E37
2025-09-01 14:49:49,342 - __main__ - INFO - [COWSWAP] 📤 Sell amount: 1000000000000000000 0x9798..2E37
2025-09-01 14:49:49,342 - __main__ - INFO - [COWSWAP] 📤 From address: 0x47ac0Fb4F2D84898e4D9E7b4DaB3C24507a6D503
2025-09-01 14:49:49,344 - urllib3.connectionpool - DEBUG - Starting new HTTPS connection (1): api.cow.fi:443
2025-09-01 14:49:49,372 - urllib3.connectionpool - DEBUG - https://api.cow.fi:443 "POST /mainnet/api/v1/quote HTTP/1.1" 403 919
2025-09-01 14:49:49,372 - __main__ - INFO - [COWSWAP] 📥 Response: 403
2025-09-01 14:49:49,372 - __main__ - ERROR - [COWSWAP] ❌ 403 FORBIDDEN for 0x9798..2E37
2025-09-01 14:49:49,372 - __main__ - ERROR - [COWSWAP] 📄 Response headers: {'Server': 'CloudFront', 'Date': 'Mon, 01 Sep 2025 18:49:49 GMT', 'Content-Type': 'text/html', 'Content-Length': '919', 'Connection': 'keep-alive', 'X-Cache': 'Error from cloudfront', 'Via': '1.1 69320106282a517c291be6fd889fbe34.cloudfront.net (CloudFront)', 'X-Amz-Cf-Pop': 'ATL59-P14', 'X-Amz-Cf-Id': 'yVy2YLHP6I-Jan8CXu7cYlIAdde5NGQqTfLjkIeQDJLIHnt2DocGHw=='}
2025-09-01 14:49:49,372 - __main__ - ERROR - [COWSWAP] 📄 Full response body: <!DOCTYPE HTML PUBLIC "-//W3C//DTD HTML 4.01 Transitional//EN" "http://www.w3.org/TR/html4/loose.dtd">
<HTML><HEAD><META HTTP-EQUIV="Content-Type" CONTENT="text/html; charset=iso-8859-1">
<TITLE>ERROR: The request could not be satisfied</TITLE>
</HEAD><BODY>
<H1>403 ERROR</H1>
<H2>The request could not be satisfied.</H2>
<HR noshade size="1px">
Request blocked.
We can't connect to the server for this app or website at this time. There might be too much traffic or a configuration error. Try again later, or contact the app or website owner.
<BR clear="all">
If you provide content to customers through CloudFront, you can find steps to troubleshoot and help prevent this error by reviewing the CloudFront documentation.
<BR clear="all">
<HR noshade size="1px">
<PRE>
Generated by cloudfront (CloudFront)
Request ID: yVy2YLHP6I-Jan8CXu7cYlIAdde5NGQqTfLjkIeQDJLIHnt2DocGHw==
</PRE>
<ADDRESS>
</ADDRESS>
</BODY></HTML>
2025-09-01 14:49:49,372 - __main__ - ERROR - [COWSWAP] 🌐 Request URL: https://api.cow.fi/mainnet/api/v1/quote
2025-09-01 14:49:49,372 - __main__ - DEBUG - [COWSWAP] ❌ No price for 0x9798..2E37
2025-09-01 14:49:49,473 - __main__ - INFO - [COWSWAP] 📤 Requesting quote for 0x62B9..0Aa7
2025-09-01 14:49:49,473 - __main__ - INFO - [COWSWAP] 📤 Sell amount: 1000000000000000000 0x62B9..0Aa7
2025-09-01 14:49:49,473 - __main__ - INFO - [COWSWAP] 📤 From address: 0x47ac0Fb4F2D84898e4D9E7b4DaB3C24507a6D503
2025-09-01 14:49:49,475 - urllib3.connectionpool - DEBUG - Starting new HTTPS connection (1): api.cow.fi:443
2025-09-01 14:49:49,496 - urllib3.connectionpool - DEBUG - https://api.cow.fi:443 "POST /mainnet/api/v1/quote HTTP/1.1" 403 919
2025-09-01 14:49:49,497 - __main__ - INFO - [COWSWAP] 📥 Response: 403
2025-09-01 14:49:49,497 - __main__ - ERROR - [COWSWAP] ❌ 403 FORBIDDEN for 0x62B9..0Aa7
2025-09-01 14:49:49,497 - __main__ - ERROR - [COWSWAP] 📄 Response headers: {'Server': 'CloudFront', 'Date': 'Mon, 01 Sep 2025 18:49:49 GMT', 'Content-Type': 'text/html', 'Content-Length': '919', 'Connection': 'keep-alive', 'X-Cache': 'Error from cloudfront', 'Via': '1.1 a1a35f11a768fa877246b7c5c9804d3e.cloudfront.net (CloudFront)', 'X-Amz-Cf-Pop': 'ATL59-P14', 'X-Amz-Cf-Id': 'bPSh5R2z2P2R1QJmojkNbwCn8JI7R-SkfbZruM7JsnelQW3MYjtOKA=='}
2025-09-01 14:49:49,497 - __main__ - ERROR - [COWSWAP] 📄 Full response body: <!DOCTYPE HTML PUBLIC "-//W3C//DTD HTML 4.01 Transitional//EN" "http://www.w3.org/TR/html4/loose.dtd">
<HTML><HEAD><META HTTP-EQUIV="Content-Type" CONTENT="text/html; charset=iso-8859-1">
<TITLE>ERROR: The request could not be satisfied</TITLE>
</HEAD><BODY>
<H1>403 ERROR</H1>
<H2>The request could not be satisfied.</H2>
<HR noshade size="1px">
Request blocked.
We can't connect to the server for this app or website at this time. There might be too much traffic or a configuration error. Try again later, or contact the app or website owner.
<BR clear="all">
If you provide content to customers through CloudFront, you can find steps to troubleshoot and help prevent this error by reviewing the CloudFront documentation.
<BR clear="all">
<HR noshade size="1px">
<PRE>
Generated by cloudfront (CloudFront)
Request ID: bPSh5R2z2P2R1QJmojkNbwCn8JI7R-SkfbZruM7JsnelQW3MYjtOKA==
</PRE>
<ADDRESS>
</ADDRESS>
</BODY></HTML>
2025-09-01 14:49:49,497 - __main__ - ERROR - [COWSWAP] 🌐 Request URL: https://api.cow.fi/mainnet/api/v1/quote
2025-09-01 14:49:49,497 - __main__ - DEBUG - [COWSWAP] ❌ No price for 0x62B9..0Aa7
2025-09-01 14:49:49,602 - __main__ - INFO - [COWSWAP] 📤 Requesting quote for 0x132d..2125
2025-09-01 14:49:49,602 - __main__ - INFO - [COWSWAP] 📤 Sell amount: 1000000000000000000 0x132d..2125
2025-09-01 14:49:49,602 - __main__ - INFO - [COWSWAP] 📤 From address: 0x47ac0Fb4F2D84898e4D9E7b4DaB3C24507a6D503
2025-09-01 14:49:49,604 - urllib3.connectionpool - DEBUG - Starting new HTTPS connection (1): api.cow.fi:443
2025-09-01 14:49:49,627 - urllib3.connectionpool - DEBUG - https://api.cow.fi:443 "POST /mainnet/api/v1/quote HTTP/1.1" 403 919
2025-09-01 14:49:49,627 - __main__ - INFO - [COWSWAP] 📥 Response: 403
2025-09-01 14:49:49,627 - __main__ - ERROR - [COWSWAP] ❌ 403 FORBIDDEN for 0x132d..2125
2025-09-01 14:49:49,627 - __main__ - ERROR - [COWSWAP] 📄 Response headers: {'Server': 'CloudFront', 'Date': 'Mon, 01 Sep 2025 18:49:49 GMT', 'Content-Type': 'text/html', 'Content-Length': '919', 'Connection': 'keep-alive', 'X-Cache': 'Error from cloudfront', 'Via': '1.1 750553eaeb552ddccd3c10ebf28f44d2.cloudfront.net (CloudFront)', 'X-Amz-Cf-Pop': 'ATL59-P14', 'X-Amz-Cf-Id': 'kP-co7NwMsW8v4ct_HmxYUmwwKpX1n2YeEuVYu1chnpCyOxxfGQHbg=='}
2025-09-01 14:49:49,627 - __main__ - ERROR - [COWSWAP] 📄 Full response body: <!DOCTYPE HTML PUBLIC "-//W3C//DTD HTML 4.01 Transitional//EN" "http://www.w3.org/TR/html4/loose.dtd">
<HTML><HEAD><META HTTP-EQUIV="Content-Type" CONTENT="text/html; charset=iso-8859-1">
<TITLE>ERROR: The request could not be satisfied</TITLE>
</HEAD><BODY>
<H1>403 ERROR</H1>
<H2>The request could not be satisfied.</H2>
<HR noshade size="1px">
Request blocked.
We can't connect to the server for this app or website at this time. There might be too much traffic or a configuration error. Try again later, or contact the app or website owner.
<BR clear="all">
If you provide content to customers through CloudFront, you can find steps to troubleshoot and help prevent this error by reviewing the CloudFront documentation.
<BR clear="all">
<HR noshade size="1px">
<PRE>
Generated by cloudfront (CloudFront)
Request ID: kP-co7NwMsW8v4ct_HmxYUmwwKpX1n2YeEuVYu1chnpCyOxxfGQHbg==
</PRE>
<ADDRESS>
</ADDRESS>
</BODY></HTML>
2025-09-01 14:49:49,627 - __main__ - ERROR - [COWSWAP] 🌐 Request URL: https://api.cow.fi/mainnet/api/v1/quote
2025-09-01 14:49:49,627 - __main__ - DEBUG - [COWSWAP] ❌ No price for 0x132d..2125
2025-09-01 14:49:49,728 - __main__ - INFO - [COWSWAP] 📤 Requesting quote for 0x9571..b098
2025-09-01 14:49:49,728 - __main__ - INFO - [COWSWAP] 📤 Sell amount: 1000000000000000000 0x9571..b098
2025-09-01 14:49:49,728 - __main__ - INFO - [COWSWAP] 📤 From address: 0x47ac0Fb4F2D84898e4D9E7b4DaB3C24507a6D503
2025-09-01 14:49:49,730 - urllib3.connectionpool - DEBUG - Starting new HTTPS connection (1): api.cow.fi:443
2025-09-01 14:49:49,750 - urllib3.connectionpool - DEBUG - https://api.cow.fi:443 "POST /mainnet/api/v1/quote HTTP/1.1" 403 919
2025-09-01 14:49:49,750 - __main__ - INFO - [COWSWAP] 📥 Response: 403
2025-09-01 14:49:49,750 - __main__ - ERROR - [COWSWAP] ❌ 403 FORBIDDEN for 0x9571..b098
2025-09-01 14:49:49,750 - __main__ - ERROR - [COWSWAP] 📄 Response headers: {'Server': 'CloudFront', 'Date': 'Mon, 01 Sep 2025 18:49:49 GMT', 'Content-Type': 'text/html', 'Content-Length': '919', 'Connection': 'keep-alive', 'X-Cache': 'Error from cloudfront', 'Via': '1.1 a1a35f11a768fa877246b7c5c9804d3e.cloudfront.net (CloudFront)', 'X-Amz-Cf-Pop': 'ATL59-P14', 'X-Amz-Cf-Id': '2WZV2hJGgqh3wqUuvzaTM4RhA61BSL9cL2SoiF8Qc6CD8mkE8QnkNw=='}
2025-09-01 14:49:49,750 - __main__ - ERROR - [COWSWAP] 📄 Full response body: <!DOCTYPE HTML PUBLIC "-//W3C//DTD HTML 4.01 Transitional//EN" "http://www.w3.org/TR/html4/loose.dtd">
<HTML><HEAD><META HTTP-EQUIV="Content-Type" CONTENT="text/html; charset=iso-8859-1">
<TITLE>ERROR: The request could not be satisfied</TITLE>
</HEAD><BODY>
<H1>403 ERROR</H1>
<H2>The request could not be satisfied.</H2>
<HR noshade size="1px">
Request blocked.
We can't connect to the server for this app or website at this time. There might be too much traffic or a configuration error. Try again later, or contact the app or website owner.
<BR clear="all">
If you provide content to customers through CloudFront, you can find steps to troubleshoot and help prevent this error by reviewing the CloudFront documentation.
<BR clear="all">
<HR noshade size="1px">
<PRE>
Generated by cloudfront (CloudFront)
Request ID: 2WZV2hJGgqh3wqUuvzaTM4RhA61BSL9cL2SoiF8Qc6CD8mkE8QnkNw==
</PRE>
<ADDRESS>
</ADDRESS>
</BODY></HTML>
2025-09-01 14:49:49,750 - __main__ - ERROR - [COWSWAP] 🌐 Request URL: https://api.cow.fi/mainnet/api/v1/quote
2025-09-01 14:49:49,751 - __main__ - DEBUG - [COWSWAP] ❌ No price for 0x9571..b098
2025-09-01 14:49:49,853 - __main__ - INFO - [COWSWAP] 📤 Requesting quote for 0x4125..a275
2025-09-01 14:49:49,853 - __main__ - INFO - [COWSWAP] 📤 Sell amount: 1000000000000000000 0x4125..a275
2025-09-01 14:49:49,853 - __main__ - INFO - [COWSWAP] 📤 From address: 0x47ac0Fb4F2D84898e4D9E7b4DaB3C24507a6D503
2025-09-01 14:49:49,856 - urllib3.connectionpool - DEBUG - Starting new HTTPS connection (1): api.cow.fi:443
2025-09-01 14:49:49,882 - urllib3.connectionpool - DEBUG - https://api.cow.fi:443 "POST /mainnet/api/v1/quote HTTP/1.1" 403 919
2025-09-01 14:49:49,883 - __main__ - INFO - [COWSWAP] 📥 Response: 403
2025-09-01 14:49:49,883 - __main__ - ERROR - [COWSWAP] ❌ 403 FORBIDDEN for 0x4125..a275
2025-09-01 14:49:49,883 - __main__ - ERROR - [COWSWAP] 📄 Response headers: {'Server': 'CloudFront', 'Date': 'Mon, 01 Sep 2025 18:49:49 GMT', 'Content-Type': 'text/html', 'Content-Length': '919', 'Connection': 'keep-alive', 'X-Cache': 'Error from cloudfront', 'Via': '1.1 a2069a81b67055e10acf42b84d994730.cloudfront.net (CloudFront)', 'X-Amz-Cf-Pop': 'ATL59-P14', 'X-Amz-Cf-Id': '7ZPQnAuJV8cWL_dtI0hCbas6qJvc02HttMOvNpVLrUFKgVijtjBg_g=='}
2025-09-01 14:49:49,883 - __main__ - ERROR - [COWSWAP] 📄 Full response body: <!DOCTYPE HTML PUBLIC "-//W3C//DTD HTML 4.01 Transitional//EN" "http://www.w3.org/TR/html4/loose.dtd">
<HTML><HEAD><META HTTP-EQUIV="Content-Type" CONTENT="text/html; charset=iso-8859-1">
<TITLE>ERROR: The request could not be satisfied</TITLE>
</HEAD><BODY>
<H1>403 ERROR</H1>
<H2>The request could not be satisfied.</H2>
<HR noshade size="1px">
Request blocked.
We can't connect to the server for this app or website at this time. There might be too much traffic or a configuration error. Try again later, or contact the app or website owner.
<BR clear="all">
If you provide content to customers through CloudFront, you can find steps to troubleshoot and help prevent this error by reviewing the CloudFront documentation.
<BR clear="all">
<HR noshade size="1px">
<PRE>
Generated by cloudfront (CloudFront)
Request ID: 7ZPQnAuJV8cWL_dtI0hCbas6qJvc02HttMOvNpVLrUFKgVijtjBg_g==
</PRE>
<ADDRESS>
</ADDRESS>
</BODY></HTML>
2025-09-01 14:49:49,883 - __main__ - ERROR - [COWSWAP] 🌐 Request URL: https://api.cow.fi/mainnet/api/v1/quote
2025-09-01 14:49:49,883 - __main__ - DEBUG - [COWSWAP] ❌ No price for 0x4125..a275
2025-09-01 14:49:49,988 - __main__ - INFO - [COWSWAP] 📤 Requesting quote for 0xb7b1..4b99
2025-09-01 14:49:49,988 - __main__ - INFO - [COWSWAP] 📤 Sell amount: 1000000000000000000 0xb7b1..4b99
2025-09-01 14:49:49,988 - __main__ - INFO - [COWSWAP] 📤 From address: 0x47ac0Fb4F2D84898e4D9E7b4DaB3C24507a6D503
2025-09-01 14:49:49,990 - urllib3.connectionpool - DEBUG - Starting new HTTPS connection (1): api.cow.fi:443
2025-09-01 14:49:50,010 - urllib3.connectionpool - DEBUG - https://api.cow.fi:443 "POST /mainnet/api/v1/quote HTTP/1.1" 403 919
2025-09-01 14:49:50,010 - __main__ - INFO - [COWSWAP] 📥 Response: 403
2025-09-01 14:49:50,010 - __main__ - ERROR - [COWSWAP] ❌ 403 FORBIDDEN for 0xb7b1..4b99
2025-09-01 14:49:50,010 - __main__ - ERROR - [COWSWAP] 📄 Response headers: {'Server': 'CloudFront', 'Date': 'Mon, 01 Sep 2025 18:49:49 GMT', 'Content-Type': 'text/html', 'Content-Length': '919', 'Connection': 'keep-alive', 'X-Cache': 'Error from cloudfront', 'Via': '1.1 a1a35f11a768fa877246b7c5c9804d3e.cloudfront.net (CloudFront)', 'X-Amz-Cf-Pop': 'ATL59-P14', 'X-Amz-Cf-Id': 'WYk_0E7EnOxoWYCvR8BdkyJ-ynHmxZUvpYOO6ACuCskKrM36GU6ekw=='}
2025-09-01 14:49:50,010 - __main__ - ERROR - [COWSWAP] 📄 Full response body: <!DOCTYPE HTML PUBLIC "-//W3C//DTD HTML 4.01 Transitional//EN" "http://www.w3.org/TR/html4/loose.dtd">
<HTML><HEAD><META HTTP-EQUIV="Content-Type" CONTENT="text/html; charset=iso-8859-1">
<TITLE>ERROR: The request could not be satisfied</TITLE>
</HEAD><BODY>
<H1>403 ERROR</H1>
<H2>The request could not be satisfied.</H2>
<HR noshade size="1px">
Request blocked.
We can't connect to the server for this app or website at this time. There might be too much traffic or a configuration error. Try again later, or contact the app or website owner.
<BR clear="all">
If you provide content to customers through CloudFront, you can find steps to troubleshoot and help prevent this error by reviewing the CloudFront documentation.
<BR clear="all">
<HR noshade size="1px">
<PRE>
Generated by cloudfront (CloudFront)
Request ID: WYk_0E7EnOxoWYCvR8BdkyJ-ynHmxZUvpYOO6ACuCskKrM36GU6ekw==
</PRE>
<ADDRESS>
</ADDRESS>
</BODY></HTML>
2025-09-01 14:49:50,010 - __main__ - ERROR - [COWSWAP] 🌐 Request URL: https://api.cow.fi/mainnet/api/v1/quote
2025-09-01 14:49:50,011 - __main__ - DEBUG - [COWSWAP] ❌ No price for 0xb7b1..4b99
2025-09-01 14:49:50,116 - __main__ - INFO - [COWSWAP] 📤 Requesting quote for 0x47D1..f05e
2025-09-01 14:49:50,116 - __main__ - INFO - [COWSWAP] 📤 Sell amount: 1000000000000000000 0x47D1..f05e
2025-09-01 14:49:50,116 - __main__ - INFO - [COWSWAP] 📤 From address: 0x47ac0Fb4F2D84898e4D9E7b4DaB3C24507a6D503
2025-09-01 14:49:50,118 - urllib3.connectionpool - DEBUG - Starting new HTTPS connection (1): api.cow.fi:443
2025-09-01 14:49:50,142 - urllib3.connectionpool - DEBUG - https://api.cow.fi:443 "POST /mainnet/api/v1/quote HTTP/1.1" 403 919
2025-09-01 14:49:50,142 - __main__ - INFO - [COWSWAP] 📥 Response: 403
2025-09-01 14:49:50,142 - __main__ - ERROR - [COWSWAP] ❌ 403 FORBIDDEN for 0x47D1..f05e
2025-09-01 14:49:50,142 - __main__ - ERROR - [COWSWAP] 📄 Response headers: {'Server': 'CloudFront', 'Date': 'Mon, 01 Sep 2025 18:49:50 GMT', 'Content-Type': 'text/html', 'Content-Length': '919', 'Connection': 'keep-alive', 'X-Cache': 'Error from cloudfront', 'Via': '1.1 85b3f738aabf0907196fd820c00a963c.cloudfront.net (CloudFront)', 'X-Amz-Cf-Pop': 'ATL59-P14', 'X-Amz-Cf-Id': 'ElaTW1DPBBJPqvVA3MgQRtjILneUMeebcb_pCp3LDDrzXmJPxo9LtQ=='}
2025-09-01 14:49:50,142 - __main__ - ERROR - [COWSWAP] 📄 Full response body: <!DOCTYPE HTML PUBLIC "-//W3C//DTD HTML 4.01 Transitional//EN" "http://www.w3.org/TR/html4/loose.dtd">
<HTML><HEAD><META HTTP-EQUIV="Content-Type" CONTENT="text/html; charset=iso-8859-1">
<TITLE>ERROR: The request could not be satisfied</TITLE>
</HEAD><BODY>
<H1>403 ERROR</H1>
<H2>The request could not be satisfied.</H2>
<HR noshade size="1px">
Request blocked.
We can't connect to the server for this app or website at this time. There might be too much traffic or a configuration error. Try again later, or contact the app or website owner.
<BR clear="all">
If you provide content to customers through CloudFront, you can find steps to troubleshoot and help prevent this error by reviewing the CloudFront documentation.
<BR clear="all">
<HR noshade size="1px">
<PRE>
Generated by cloudfront (CloudFront)
Request ID: ElaTW1DPBBJPqvVA3MgQRtjILneUMeebcb_pCp3LDDrzXmJPxo9LtQ==
</PRE>
<ADDRESS>
</ADDRESS>
</BODY></HTML>
2025-09-01 14:49:50,142 - __main__ - ERROR - [COWSWAP] 🌐 Request URL: https://api.cow.fi/mainnet/api/v1/quote
2025-09-01 14:49:50,142 - __main__ - DEBUG - [COWSWAP] ❌ No price for 0x47D1..f05e
2025-09-01 14:49:50,252 - __main__ - INFO - [COWSWAP] 📤 Requesting quote for 0xa393..7fbD
2025-09-01 14:49:50,252 - __main__ - INFO - [COWSWAP] 📤 Sell amount: 1000000000000000000 0xa393..7fbD
2025-09-01 14:49:50,252 - __main__ - INFO - [COWSWAP] 📤 From address: 0x47ac0Fb4F2D84898e4D9E7b4DaB3C24507a6D503
2025-09-01 14:49:50,258 - urllib3.connectionpool - DEBUG - Starting new HTTPS connection (1): api.cow.fi:443
2025-09-01 14:49:50,288 - urllib3.connectionpool - DEBUG - https://api.cow.fi:443 "POST /mainnet/api/v1/quote HTTP/1.1" 403 919
2025-09-01 14:49:50,288 - __main__ - INFO - [COWSWAP] 📥 Response: 403
2025-09-01 14:49:50,288 - __main__ - ERROR - [COWSWAP] ❌ 403 FORBIDDEN for 0xa393..7fbD
2025-09-01 14:49:50,288 - __main__ - ERROR - [COWSWAP] 📄 Response headers: {'Server': 'CloudFront', 'Date': 'Mon, 01 Sep 2025 18:49:50 GMT', 'Content-Type': 'text/html', 'Content-Length': '919', 'Connection': 'keep-alive', 'X-Cache': 'Error from cloudfront', 'Via': '1.1 56bd743379a0b287df603f3674891192.cloudfront.net (CloudFront)', 'X-Amz-Cf-Pop': 'ATL59-P14', 'X-Amz-Cf-Id': 'UaXG7con9qrrythTcPPodhUqXmnJsatFyFbbEyYQqpHxdfziVsqSaw=='}
2025-09-01 14:49:50,288 - __main__ - ERROR - [COWSWAP] 📄 Full response body: <!DOCTYPE HTML PUBLIC "-//W3C//DTD HTML 4.01 Transitional//EN" "http://www.w3.org/TR/html4/loose.dtd">
<HTML><HEAD><META HTTP-EQUIV="Content-Type" CONTENT="text/html; charset=iso-8859-1">
<TITLE>ERROR: The request could not be satisfied</TITLE>
</HEAD><BODY>
<H1>403 ERROR</H1>
<H2>The request could not be satisfied.</H2>
<HR noshade size="1px">
Request blocked.
We can't connect to the server for this app or website at this time. There might be too much traffic or a configuration error. Try again later, or contact the app or website owner.
<BR clear="all">
If you provide content to customers through CloudFront, you can find steps to troubleshoot and help prevent this error by reviewing the CloudFront documentation.
<BR clear="all">
<HR noshade size="1px">
<PRE>
Generated by cloudfront (CloudFront)
Request ID: UaXG7con9qrrythTcPPodhUqXmnJsatFyFbbEyYQqpHxdfziVsqSaw==
</PRE>
<ADDRESS>
</ADDRESS>
</BODY></HTML>
2025-09-01 14:49:50,288 - __main__ - ERROR - [COWSWAP] 🌐 Request URL: https://api.cow.fi/mainnet/api/v1/quote
2025-09-01 14:49:50,289 - __main__ - DEBUG - [COWSWAP] ❌ No price for 0xa393..7fbD
2025-09-01 14:49:50,391 - __main__ - INFO - [COWSWAP] 📤 Requesting quote for 0xD533..cd52
2025-09-01 14:49:50,391 - __main__ - INFO - [COWSWAP] 📤 Sell amount: 1000000000000000000 0xD533..cd52
2025-09-01 14:49:50,391 - __main__ - INFO - [COWSWAP] 📤 From address: 0x47ac0Fb4F2D84898e4D9E7b4DaB3C24507a6D503
2025-09-01 14:49:50,393 - urllib3.connectionpool - DEBUG - Starting new HTTPS connection (1): api.cow.fi:443
2025-09-01 14:49:50,423 - urllib3.connectionpool - DEBUG - https://api.cow.fi:443 "POST /mainnet/api/v1/quote HTTP/1.1" 403 919
2025-09-01 14:49:50,423 - __main__ - INFO - [COWSWAP] 📥 Response: 403
2025-09-01 14:49:50,423 - __main__ - ERROR - [COWSWAP] ❌ 403 FORBIDDEN for 0xD533..cd52
2025-09-01 14:49:50,423 - __main__ - ERROR - [COWSWAP] 📄 Response headers: {'Server': 'CloudFront', 'Date': 'Mon, 01 Sep 2025 18:49:50 GMT', 'Content-Type': 'text/html', 'Content-Length': '919', 'Connection': 'keep-alive', 'X-Cache': 'Error from cloudfront', 'Via': '1.1 c7c3aaea7e512869ae99fe347cd57aa6.cloudfront.net (CloudFront)', 'X-Amz-Cf-Pop': 'ATL59-P14', 'X-Amz-Cf-Id': 'oCrDLYDtNxVxWw4NAY9mkREZq5GdwL-noPu9ocVnLDvIrkXrYQJwZg=='}
2025-09-01 14:49:50,423 - __main__ - ERROR - [COWSWAP] 📄 Full response body: <!DOCTYPE HTML PUBLIC "-//W3C//DTD HTML 4.01 Transitional//EN" "http://www.w3.org/TR/html4/loose.dtd">
<HTML><HEAD><META HTTP-EQUIV="Content-Type" CONTENT="text/html; charset=iso-8859-1">
<TITLE>ERROR: The request could not be satisfied</TITLE>
</HEAD><BODY>
<H1>403 ERROR</H1>
<H2>The request could not be satisfied.</H2>
<HR noshade size="1px">
Request blocked.
We can't connect to the server for this app or website at this time. There might be too much traffic or a configuration error. Try again later, or contact the app or website owner.
<BR clear="all">
If you provide content to customers through CloudFront, you can find steps to troubleshoot and help prevent this error by reviewing the CloudFront documentation.
<BR clear="all">
<HR noshade size="1px">
<PRE>
Generated by cloudfront (CloudFront)
Request ID: oCrDLYDtNxVxWw4NAY9mkREZq5GdwL-noPu9ocVnLDvIrkXrYQJwZg==
</PRE>
<ADDRESS>
</ADDRESS>
</BODY></HTML>
2025-09-01 14:49:50,423 - __main__ - ERROR - [COWSWAP] 🌐 Request URL: https://api.cow.fi/mainnet/api/v1/quote
2025-09-01 14:49:50,424 - __main__ - DEBUG - [COWSWAP] ❌ No price for 0xD533..cd52
2025-09-01 14:49:50,528 - __main__ - INFO - [COWSWAP] 📤 Requesting quote for 0xBfed..4857
2025-09-01 14:49:50,528 - __main__ - INFO - [COWSWAP] 📤 Sell amount: 1000000000000000000 0xBfed..4857
2025-09-01 14:49:50,528 - __main__ - INFO - [COWSWAP] 📤 From address: 0x47ac0Fb4F2D84898e4D9E7b4DaB3C24507a6D503
2025-09-01 14:49:50,530 - urllib3.connectionpool - DEBUG - Starting new HTTPS connection (1): api.cow.fi:443
2025-09-01 14:49:50,553 - urllib3.connectionpool - DEBUG - https://api.cow.fi:443 "POST /mainnet/api/v1/quote HTTP/1.1" 403 919
2025-09-01 14:49:50,553 - __main__ - INFO - [COWSWAP] 📥 Response: 403
2025-09-01 14:49:50,553 - __main__ - ERROR - [COWSWAP] ❌ 403 FORBIDDEN for 0xBfed..4857
2025-09-01 14:49:50,553 - __main__ - ERROR - [COWSWAP] 📄 Response headers: {'Server': 'CloudFront', 'Date': 'Mon, 01 Sep 2025 18:49:50 GMT', 'Content-Type': 'text/html', 'Content-Length': '919', 'Connection': 'keep-alive', 'X-Cache': 'Error from cloudfront', 'Via': '1.1 76f89193cc4d64efc6af9454a18729b0.cloudfront.net (CloudFront)', 'X-Amz-Cf-Pop': 'ATL59-P14', 'X-Amz-Cf-Id': '-vccneScddasgGAFUaqlqIzmeBH9wIDfSbamRob2isthjJW9Zl6wZA=='}
2025-09-01 14:49:50,553 - __main__ - ERROR - [COWSWAP] 📄 Full response body: <!DOCTYPE HTML PUBLIC "-//W3C//DTD HTML 4.01 Transitional//EN" "http://www.w3.org/TR/html4/loose.dtd">
<HTML><HEAD><META HTTP-EQUIV="Content-Type" CONTENT="text/html; charset=iso-8859-1">
<TITLE>ERROR: The request could not be satisfied</TITLE>
</HEAD><BODY>
<H1>403 ERROR</H1>
<H2>The request could not be satisfied.</H2>
<HR noshade size="1px">
Request blocked.
We can't connect to the server for this app or website at this time. There might be too much traffic or a configuration error. Try again later, or contact the app or website owner.
<BR clear="all">
If you provide content to customers through CloudFront, you can find steps to troubleshoot and help prevent this error by reviewing the CloudFront documentation.
<BR clear="all">
<HR noshade size="1px">
<PRE>
Generated by cloudfront (CloudFront)
Request ID: -vccneScddasgGAFUaqlqIzmeBH9wIDfSbamRob2isthjJW9Zl6wZA==
</PRE>
<ADDRESS>
</ADDRESS>
</BODY></HTML>
2025-09-01 14:49:50,553 - __main__ - ERROR - [COWSWAP] 🌐 Request URL: https://api.cow.fi/mainnet/api/v1/quote
2025-09-01 14:49:50,554 - __main__ - DEBUG - [COWSWAP] ❌ No price for 0xBfed..4857
