2025-09-01 07:42:46,830 - Users.wavey.yearn.auctions_charts.scripts.price_service_ypm - INFO - Database connection established
2025-09-01 07:42:46,830 - Users.wavey.yearn.auctions_charts.scripts.price_service_ypm - INFO - 🚀 Starting ypricemagic Price Service
2025-09-01 07:42:47,487 - dank_mids.envs - INFO - For your information, you can tweak your configuration for optimal performance using any of the envs below:
2025-09-01 07:42:47,487 - typed_envs - INFO - EnvironmentVariable[int](name=`DANKMIDS_MAX_MULTICALL_SIZE`, default_value=10000, using_default=True)
2025-09-01 07:42:47,487 - typed_envs - INFO - EnvironmentVariable[int](name=`DANKMIDS_MAX_JSONRPC_BATCH_SIZE`, default_value=500, using_default=True)
2025-09-01 07:42:47,487 - typed_envs - INFO - EnvironmentVariable[int](name=`DANKMIDS_REQUESTS_PER_SECOND`, default_value=50, using_default=True)
2025-09-01 07:42:47,487 - typed_envs - INFO - EnvironmentVariable[int](name=`DANKMIDS_MIN_REQUESTS_PER_SECOND`, default_value=10, using_default=True)
2025-09-01 07:42:47,487 - typed_envs - INFO - EnvironmentVariable[bool](name=`DANKMIDS_GANACHE_FORK`, default_value=False, using_default=True)
2025-09-01 07:42:47,487 - typed_envs - INFO - EnvironmentVariable[int](name=`DANKMIDS_AIOHTTP_TIMEOUT`, default_value=1200, using_default=True)
2025-09-01 07:42:47,497 - typed_envs - INFO - EnvironmentVariable[bool](name=`DANKMIDS_COLLECT_STATS`, default_value=False, using_default=True)
2025-09-01 07:42:47,498 - typed_envs - INFO - EnvironmentVariable[int](name=`DANKMIDS_STUCK_CALL_TIMEOUT`, default_value=120, using_default=True)
2025-09-01 07:42:47,498 - dank_mids.envs - INFO - More details can be found in dank_mids/ENVIRONMENT_VARIABLES.py
2025-09-01 07:42:47,498 - dank_mids.envs - INFO - NOTE: You can disable these logs by setting the `TYPEDENVS_SHUTUP` env var to any value.
2025-09-01 07:42:48,100 - typed_envs - INFO - EnvironmentVariable[int](name=`YPRICEMAGIC_GETLOGS_BATCH_SIZE`, default_value=0, using_default=True)
2025-09-01 07:42:48,914 - Users.wavey.yearn.auctions_charts.scripts.price_service_ypm - INFO - ypricemagic imported successfully
2025-09-01 07:42:48,926 - Users.wavey.yearn.auctions_charts.scripts.price_service_ypm - INFO - 📋 Processing 3 pending price requests
2025-09-01 07:42:48,926 - Users.wavey.yearn.auctions_charts.scripts.price_service_ypm - INFO - 🔍 Processing request 1: A034cd52 at block 22047809
2025-09-01 07:42:48,954 - y.prices.utils.ypriceapi - INFO - ypriceAPI is now in beta!

Head to ypriceapi-beta.yearn.finance and sign up for access. You get:
 - access to your desired price data more quickly...
 - ...from nodes run by yearn-affiliated big brains...
 - ...on all the networks Yearn supports.

Check out some testimonials from our close frens:
 - from anon5608, "I can now get prices for all of my useless shitcoins without waiting all day for ypricemagic to load logs."
 - from anon2003, "I don't need to maintain an archive node anymore and that's saving me money."
 - from anon5387, "Wow, so fast!"

2025-09-01 07:42:48,956 - dank_mids.controller - INFO - Dank Middleware initializing... Strap on your rocket boots...
2025-09-01 07:42:49,768 - y._db.common - INFO - <FeedsFromEvents addresses=0x47Fb2585D2C56Fe188D0E6ec628a38b74fCeeeDf topics=['0x27a180c70f2642f63d1694eb252b7df52e7ab2565e3f67adf7748acb7d82b9bc']> is cached thru block 23241301, loading from db
2025-09-01 07:42:49,768 - y._db.utils.logs - INFO - executing select query for LogCache(addresses=0x47Fb2585D2C56Fe188D0E6ec628a38b74fCeeeDf, topic0=0x27a180c70f2642f63d1694eb252b7df52e7ab2565e3f67adf7748acb7d82b9bc)
2025-09-01 07:42:50,267 - y._db.common - INFO - <FeedsFromEvents addresses=0x47Fb2585D2C56Fe188D0E6ec628a38b74fCeeeDf topics=['0x27a180c70f2642f63d1694eb252b7df52e7ab2565e3f67adf7748acb7d82b9bc']> loaded 261 objects thru block 23241301 from disk
2025-09-01 07:42:51,302 - y.prices.dex.uniswap.v2 - INFO - Fetching pools for uniswap v2 on Mainnet. If this is your first time using ypricemagic, this can take a while. Please wait patiently...
2025-09-01 07:42:51,302 - y.prices.dex.uniswap.v2 - INFO - Fetching pools for sushiswap on Mainnet. If this is your first time using ypricemagic, this can take a while. Please wait patiently...
2025-09-01 07:42:51,302 - y.prices.dex.uniswap.v2 - INFO - Fetching pools for shibaswap on Mainnet. If this is your first time using ypricemagic, this can take a while. Please wait patiently...
2025-09-01 07:42:51,302 - y._db.common - INFO - <AddressProviderEvents addresses=0x0000000022D53366457F9d5E68Ec105046FC4383 topics=[]> is cached thru block 23241284, loading from db
2025-09-01 07:42:51,302 - y._db.utils.logs - INFO - executing select query for LogCache(addresses=0x0000000022D53366457F9d5E68Ec105046FC4383)
2025-09-01 07:42:52,571 - y._db.common - INFO - <UniV3Pools addresses=['0x1F98431c8aD98523631AE4a59f267346ea31F984'] topics=['0x783cca1c0412dd0d695e784568c96da2e9c22ff989357a2e8b1d9b2b4e6b7118']> is cached thru block 23241301, loading from db
2025-09-01 07:42:52,571 - y._db.utils.logs - INFO - executing select query for LogCache(addresses=['0x1F98431c8aD98523631AE4a59f267346ea31F984'], topic0=0x783cca1c0412dd0d695e784568c96da2e9c22ff989357a2e8b1d9b2b4e6b7118)
2025-09-01 07:42:54,341 - y._db.common - INFO - <PoolsFromEvents label=uniswap v2> is cached thru block 23241292, loading from db
2025-09-01 07:42:54,341 - y._db.utils.logs - INFO - executing select query for LogCache(addresses=['0x5C69bEe701ef814a2B6a3EDD4B1652CB9cc5aA6f'], topic0=['0x0d3648bd0f6ba80134a33ba9275ac585d9d315f0ad8355cddefde31afa28d0e9'])
2025-09-01 07:42:54,345 - y._db.common - INFO - <PoolsFromEvents label=sushiswap> is cached thru block 23241284, loading from db
2025-09-01 07:42:54,345 - y._db.utils.logs - INFO - executing select query for LogCache(addresses=['0xC0AEe478e3658e2610c5F7A4A2E1777cE9e4f2Ac'], topic0=['0x0d3648bd0f6ba80134a33ba9275ac585d9d315f0ad8355cddefde31afa28d0e9'])
2025-09-01 07:42:54,346 - y._db.common - INFO - <PoolsFromEvents label=shibaswap> is cached thru block 23241288, loading from db
2025-09-01 07:42:54,347 - y._db.utils.logs - INFO - executing select query for LogCache(addresses=['0x115934131916C8b277DD010Ee02de363c09d037c'], topic0=['0x0d3648bd0f6ba80134a33ba9275ac585d9d315f0ad8355cddefde31afa28d0e9'])
2025-09-01 07:43:08,851 - y._db.common - INFO - <AddressProviderEvents addresses=0x0000000022D53366457F9d5E68Ec105046FC4383 topics=[]> loaded 37 objects thru block 23241284 from disk
2025-09-01 07:43:10,382 - y._db.common - INFO - <PoolsFromEvents label=shibaswap> loaded 1021 objects thru block 23241288 from disk
2025-09-01 07:43:11,015 - y._db.common - INFO - <RegistryEvents addresses=0x8F942C20D02bEfc377D41445793068908E2250D0 topics=[]> is cached thru block 23241288, loading from db
2025-09-01 07:43:11,016 - y._db.utils.logs - INFO - executing select query for LogCache(addresses=0x8F942C20D02bEfc377D41445793068908E2250D0)
2025-09-01 07:43:11,016 - y._db.common - INFO - <RegistryEvents addresses=0x90E00ACe148ca3b23Ac1bC8C240C2a7Dd9c2d7f5 topics=[]> is cached thru block 23241288, loading from db
2025-09-01 07:43:11,016 - y._db.utils.logs - INFO - executing select query for LogCache(addresses=0x90E00ACe148ca3b23Ac1bC8C240C2a7Dd9c2d7f5)
2025-09-01 07:43:11,258 - y._db.common - INFO - <RegistryEvents addresses=0x8F942C20D02bEfc377D41445793068908E2250D0 topics=[]> loaded 10 objects thru block 23241288 from disk
2025-09-01 07:43:11,354 - y._db.common - INFO - <RegistryEvents addresses=0x90E00ACe148ca3b23Ac1bC8C240C2a7Dd9c2d7f5 topics=[]> loaded 57 objects thru block 23241288 from disk
2025-09-01 07:43:11,995 - y.prices.dex.uniswap.v2 - INFO - Loaded 1022 pools supporting 848 tokens on shibaswap
2025-09-01 07:43:14,791 - y._db.common - INFO - <PoolsFromEvents label=sushiswap> loaded 4378 objects thru block 23241284 from disk
2025-09-01 07:43:17,299 - y.prices.dex.uniswap.v2 - INFO - Loaded 4397 pools supporting 3666 tokens on sushiswap
2025-09-01 07:43:18,105 - y.prices.stable_swap.curve.startup - INFO - loaded 1836 pools from 2 registries and 7 factories
2025-09-01 07:43:43,487 - y._db.common - INFO - <UniV3Pools addresses=['0x1F98431c8aD98523631AE4a59f267346ea31F984'] topics=['0x783cca1c0412dd0d695e784568c96da2e9c22ff989357a2e8b1d9b2b4e6b7118']> loaded 45047 objects thru block 23241301 from disk
2025-09-01 07:45:53,188 - y._db.common - INFO - <PoolsFromEvents label=uniswap v2> loaded 452561 objects thru block 23241292 from disk
2025-09-01 07:47:12,723 - y.prices.dex.uniswap.v2 - INFO - Loaded 453830 pools supporting 444892 tokens on uniswap v2
2025-09-01 07:49:33,485 - Users.wavey.yearn.auctions_charts.scripts.price_service_ypm - ERROR - Failed to fetch price for 0xD533a949740bb3306d119CC777fa900bA034cd52 at block 22047809: 'Chain' object has no attribute 'get_block'
2025-09-01 07:49:34,493 - Users.wavey.yearn.auctions_charts.scripts.price_service_ypm - INFO - 🔍 Processing request 2: 57ac1b4E at block 22047809
2025-09-01 07:49:44,049 - Users.wavey.yearn.auctions_charts.scripts.price_service_ypm - ERROR - Failed to fetch price for 0xf939E0A03FB07F59A73314E73794Be0E57ac1b4E at block 22047809: 'Chain' object has no attribute 'get_block'
2025-09-01 07:49:45,061 - Users.wavey.yearn.auctions_charts.scripts.price_service_ypm - INFO - 🔍 Processing request 3: 4969c2B2 at block 22047809
2025-09-01 07:49:45,974 - y.prices.lending.aave - INFO - loaded 37 v2 atokens for <AaveMarketV2 '0x7d2768dE32b0b80b7a3454c06BdAc94A69DDc7A9'>
2025-09-01 07:49:45,974 - y.prices.lending.aave - INFO - loaded 23 v2 atokens for <AaveMarketV2 '0x7937D4799803FbBe595ed57278Bc4cA21f3bFfCB'>
2025-09-01 07:49:45,974 - y.prices.lending.aave - INFO - loaded 5 v2 atokens for <AaveMarketV2 '0xcE744a9BAf573167B2CF138114BA32ed7De274Fa'>
2025-09-01 07:49:45,975 - y.prices.lending.aave - INFO - loaded 53 v3 atokens for <AaveMarketV3 '0x87870Bca3F3fD6335C3F4ce8392D69350B4fA4E2'>
2025-09-01 07:49:45,975 - y.prices.lending.aave - INFO - loaded 22 v1 atokens for <AaveMarketV1 '0x398eC7346DcD622eDc5ae82352F02bE94C62d119'>
loaded 92 markets for 0x3d5BC3c8d13dcB8bF317092d84783c2697AE9258
2025-09-01 07:49:47,865 - y.prices.lending.compound - INFO - loaded 92 markets for 0x3d5BC3c8d13dcB8bF317092d84783c2697AE9258
loaded 24 markets for 0xAB1c342C7bf5Ec5F02ADEA1c2270670bCa144CbB
2025-09-01 07:49:47,866 - y.prices.lending.compound - INFO - loaded 24 markets for 0xAB1c342C7bf5Ec5F02ADEA1c2270670bCa144CbB
loaded 24 markets for 0x4dCf7407AE5C07f8681e1659f626E114A7667339
2025-09-01 07:49:47,866 - y.prices.lending.compound - INFO - loaded 24 markets for 0x4dCf7407AE5C07f8681e1659f626E114A7667339
loaded 11 markets for 0x3105D328c66d8d55092358cF595d54608178E9B5
2025-09-01 07:49:47,867 - y.prices.lending.compound - INFO - loaded 11 markets for 0x3105D328c66d8d55092358cF595d54608178E9B5
loaded 5 markets for 0x95Af143a021DF745bc78e845b54591C53a8B3A51
2025-09-01 07:49:47,867 - y.prices.lending.compound - INFO - loaded 5 markets for 0x95Af143a021DF745bc78e845b54591C53a8B3A51
loaded 23 markets for 0x687a01ecF6d3907658f7A7c714749fAC32336D1B
2025-09-01 07:49:47,867 - y.prices.lending.compound - INFO - loaded 23 markets for 0x687a01ecF6d3907658f7A7c714749fAC32336D1B
loaded 20 markets for 0x3d9819210A31b4961b30EF54bE2aeD79B9c9Cd3B
2025-09-01 07:49:47,868 - y.prices.lending.compound - INFO - loaded 20 markets for 0x3d9819210A31b4961b30EF54bE2aeD79B9c9Cd3B
2025-09-01 07:49:49,905 - Users.wavey.yearn.auctions_charts.scripts.price_service_ypm - ERROR - Failed to fetch price for 0x58D97B57BB95320F9a05dC918Aef65434969c2B2 at block 22047809: 'Chain' object has no attribute 'get_block'
2025-09-01 07:49:55,921 - Users.wavey.yearn.auctions_charts.scripts.price_service_ypm - INFO - 📋 Processing 50 pending price requests
2025-09-01 07:49:55,921 - Users.wavey.yearn.auctions_charts.scripts.price_service_ypm - INFO - 🔍 Processing request 5: 4969c2B2 at block 22049122
2025-09-01 07:49:56,354 - Users.wavey.yearn.auctions_charts.scripts.price_service_ypm - ERROR - Failed to fetch price for 0x58D97B57BB95320F9a05dC918Aef65434969c2B2 at block 22049122: 'Chain' object has no attribute 'get_block'
2025-09-01 07:49:57,361 - Users.wavey.yearn.auctions_charts.scripts.price_service_ypm - INFO - 🔍 Processing request 6: 57ac1b4E at block 22049122
2025-09-01 07:49:58,222 - Users.wavey.yearn.auctions_charts.scripts.price_service_ypm - ERROR - Failed to fetch price for 0xf939E0A03FB07F59A73314E73794Be0E57ac1b4E at block 22049122: 'Chain' object has no attribute 'get_block'
2025-09-01 07:49:59,230 - Users.wavey.yearn.auctions_charts.scripts.price_service_ypm - INFO - 🔍 Processing request 7: A034cd52 at block 22049147
2025-09-01 07:50:00,186 - Users.wavey.yearn.auctions_charts.scripts.price_service_ypm - ERROR - Failed to fetch price for 0xD533a949740bb3306d119CC777fa900bA034cd52 at block 22049147: 'Chain' object has no attribute 'get_block'
2025-09-01 07:50:01,194 - Users.wavey.yearn.auctions_charts.scripts.price_service_ypm - INFO - 🔍 Processing request 8: 57ac1b4E at block 22049147
2025-09-01 07:50:01,777 - Users.wavey.yearn.auctions_charts.scripts.price_service_ypm - ERROR - Failed to fetch price for 0xf939E0A03FB07F59A73314E73794Be0E57ac1b4E at block 22049147: 'Chain' object has no attribute 'get_block'
2025-09-01 07:50:02,788 - Users.wavey.yearn.auctions_charts.scripts.price_service_ypm - INFO - 🔍 Processing request 9: 3C756Cc2 at block 22219476
2025-09-01 07:50:03,588 - Users.wavey.yearn.auctions_charts.scripts.price_service_ypm - ERROR - Failed to fetch price for 0xC02aaA39b223FE8D0A0e5C4F27eAD9083C756Cc2 at block 22219476: 'Chain' object has no attribute 'get_block'
2025-09-01 07:50:04,598 - Users.wavey.yearn.auctions_charts.scripts.price_service_ypm - INFO - 🔍 Processing request 10: 57ac1b4E at block 22219476
2025-09-01 07:50:05,647 - Users.wavey.yearn.auctions_charts.scripts.price_service_ypm - ERROR - Failed to fetch price for 0xf939E0A03FB07F59A73314E73794Be0E57ac1b4E at block 22219476: 'Chain' object has no attribute 'get_block'
2025-09-01 07:50:06,654 - Users.wavey.yearn.auctions_charts.scripts.price_service_ypm - INFO - 🔍 Processing request 11: 3C756Cc2 at block 22219482
2025-09-01 07:50:07,073 - Users.wavey.yearn.auctions_charts.scripts.price_service_ypm - ERROR - Failed to fetch price for 0xC02aaA39b223FE8D0A0e5C4F27eAD9083C756Cc2 at block 22219482: 'Chain' object has no attribute 'get_block'
2025-09-01 07:50:08,082 - Users.wavey.yearn.auctions_charts.scripts.price_service_ypm - INFO - 🔍 Processing request 12: 57ac1b4E at block 22219482
2025-09-01 07:50:08,665 - Users.wavey.yearn.auctions_charts.scripts.price_service_ypm - ERROR - Failed to fetch price for 0xf939E0A03FB07F59A73314E73794Be0E57ac1b4E at block 22219482: 'Chain' object has no attribute 'get_block'
2025-09-01 07:50:09,675 - Users.wavey.yearn.auctions_charts.scripts.price_service_ypm - INFO - 🔍 Processing request 13: 3C756Cc2 at block 22503892
2025-09-01 07:50:10,112 - Users.wavey.yearn.auctions_charts.scripts.price_service_ypm - ERROR - Failed to fetch price for 0xC02aaA39b223FE8D0A0e5C4F27eAD9083C756Cc2 at block 22503892: 'Chain' object has no attribute 'get_block'
2025-09-01 07:50:11,123 - Users.wavey.yearn.auctions_charts.scripts.price_service_ypm - INFO - 🔍 Processing request 14: 57ac1b4E at block 22503892
2025-09-01 07:50:12,861 - Users.wavey.yearn.auctions_charts.scripts.price_service_ypm - ERROR - Failed to fetch price for 0xf939E0A03FB07F59A73314E73794Be0E57ac1b4E at block 22503892: 'Chain' object has no attribute 'get_block'
2025-09-01 07:50:13,869 - Users.wavey.yearn.auctions_charts.scripts.price_service_ypm - INFO - 🔍 Processing request 15: 3C756Cc2 at block 22509494
2025-09-01 07:50:14,350 - Users.wavey.yearn.auctions_charts.scripts.price_service_ypm - ERROR - Failed to fetch price for 0xC02aaA39b223FE8D0A0e5C4F27eAD9083C756Cc2 at block 22509494: 'Chain' object has no attribute 'get_block'
2025-09-01 07:50:15,361 - Users.wavey.yearn.auctions_charts.scripts.price_service_ypm - INFO - 🔍 Processing request 16: 57ac1b4E at block 22509494
2025-09-01 07:50:15,963 - Users.wavey.yearn.auctions_charts.scripts.price_service_ypm - ERROR - Failed to fetch price for 0xf939E0A03FB07F59A73314E73794Be0E57ac1b4E at block 22509494: 'Chain' object has no attribute 'get_block'
2025-09-01 07:50:16,968 - Users.wavey.yearn.auctions_charts.scripts.price_service_ypm - INFO - 🔍 Processing request 17: 3606eB48 at block 22535678
2025-09-01 07:50:16,972 - Users.wavey.yearn.auctions_charts.scripts.price_service_ypm - ERROR - Failed to fetch price for 0xA0b86991c6218b36c1d19D4a2e9Eb0cE3606eB48 at block 22535678: 'Chain' object has no attribute 'get_block'
2025-09-01 07:50:17,979 - Users.wavey.yearn.auctions_charts.scripts.price_service_ypm - INFO - 🔍 Processing request 18: 13e347E8 at block 22535678
2025-09-01 07:50:21,163 - Users.wavey.yearn.auctions_charts.scripts.price_service_ypm - ERROR - Failed to fetch price for 0x182863131F9a4630fF9E27830d945B1413e347E8 at block 22535678: 'Chain' object has no attribute 'get_block'
2025-09-01 07:50:22,168 - Users.wavey.yearn.auctions_charts.scripts.price_service_ypm - INFO - 🔍 Processing request 19: 95271d0F at block 22535678
2025-09-01 07:50:22,196 - Users.wavey.yearn.auctions_charts.scripts.price_service_ypm - ERROR - Failed to fetch price for 0x6B175474E89094C44Da98b954EedeAC495271d0F at block 22535678: 'Chain' object has no attribute 'get_block'
2025-09-01 07:50:23,203 - Users.wavey.yearn.auctions_charts.scripts.price_service_ypm - INFO - 🔍 Processing request 21: 3C756Cc2 at block 22535678
2025-09-01 07:50:23,493 - Users.wavey.yearn.auctions_charts.scripts.price_service_ypm - ERROR - Failed to fetch price for 0xC02aaA39b223FE8D0A0e5C4F27eAD9083C756Cc2 at block 22535678: 'Chain' object has no attribute 'get_block'
2025-09-01 07:50:24,501 - Users.wavey.yearn.auctions_charts.scripts.price_service_ypm - INFO - 🔍 Processing request 23: e407384F at block 22535678
2025-09-01 07:50:24,504 - Users.wavey.yearn.auctions_charts.scripts.price_service_ypm - ERROR - Failed to fetch price for 0xdC035D45d973E3EC169d2276DDab16f1e407384F at block 22535678: 'Chain' object has no attribute 'get_block'
2025-09-01 07:50:25,511 - Users.wavey.yearn.auctions_charts.scripts.price_service_ypm - INFO - 🔍 Processing request 25: 3D831ec7 at block 22535678
2025-09-01 07:50:25,516 - Users.wavey.yearn.auctions_charts.scripts.price_service_ypm - ERROR - Failed to fetch price for 0xdAC17F958D2ee523a2206206994597C13D831ec7 at block 22535678: 'Chain' object has no attribute 'get_block'
2025-09-01 07:50:26,523 - Users.wavey.yearn.auctions_charts.scripts.price_service_ypm - INFO - 🔍 Processing request 27: 57ac1b4E at block 22535678
2025-09-01 07:50:27,325 - Users.wavey.yearn.auctions_charts.scripts.price_service_ypm - ERROR - Failed to fetch price for 0xf939E0A03FB07F59A73314E73794Be0E57ac1b4E at block 22535678: 'Chain' object has no attribute 'get_block'
2025-09-01 07:50:28,333 - Users.wavey.yearn.auctions_charts.scripts.price_service_ypm - INFO - 🔍 Processing request 29: e407384F at block 22536270
2025-09-01 07:50:28,772 - Users.wavey.yearn.auctions_charts.scripts.price_service_ypm - ERROR - Failed to fetch price for 0xdC035D45d973E3EC169d2276DDab16f1e407384F at block 22536270: 'Chain' object has no attribute 'get_block'
2025-09-01 07:50:29,775 - Users.wavey.yearn.auctions_charts.scripts.price_service_ypm - INFO - 🔍 Processing request 30: 13e347E8 at block 22536270
2025-09-01 07:50:29,911 - Users.wavey.yearn.auctions_charts.scripts.price_service_ypm - ERROR - Failed to fetch price for 0x182863131F9a4630fF9E27830d945B1413e347E8 at block 22536270: 'Chain' object has no attribute 'get_block'
2025-09-01 07:50:30,915 - Users.wavey.yearn.auctions_charts.scripts.price_service_ypm - INFO - 🔍 Processing request 31: 3606eB48 at block 22536481
2025-09-01 07:50:30,919 - Users.wavey.yearn.auctions_charts.scripts.price_service_ypm - ERROR - Failed to fetch price for 0xA0b86991c6218b36c1d19D4a2e9Eb0cE3606eB48 at block 22536481: 'Chain' object has no attribute 'get_block'
2025-09-01 07:50:31,923 - Users.wavey.yearn.auctions_charts.scripts.price_service_ypm - INFO - 🔍 Processing request 32: 13e347E8 at block 22536481
2025-09-01 07:50:32,467 - Users.wavey.yearn.auctions_charts.scripts.price_service_ypm - ERROR - Failed to fetch price for 0x182863131F9a4630fF9E27830d945B1413e347E8 at block 22536481: 'Chain' object has no attribute 'get_block'
2025-09-01 07:50:33,477 - Users.wavey.yearn.auctions_charts.scripts.price_service_ypm - INFO - 🔍 Processing request 33: 3C756Cc2 at block 22536501
2025-09-01 07:50:33,883 - Users.wavey.yearn.auctions_charts.scripts.price_service_ypm - ERROR - Failed to fetch price for 0xC02aaA39b223FE8D0A0e5C4F27eAD9083C756Cc2 at block 22536501: 'Chain' object has no attribute 'get_block'
2025-09-01 07:50:34,892 - Users.wavey.yearn.auctions_charts.scripts.price_service_ypm - INFO - 🔍 Processing request 34: 13e347E8 at block 22536501
2025-09-01 07:50:35,290 - Users.wavey.yearn.auctions_charts.scripts.price_service_ypm - ERROR - Failed to fetch price for 0x182863131F9a4630fF9E27830d945B1413e347E8 at block 22536501: 'Chain' object has no attribute 'get_block'
2025-09-01 07:50:36,297 - Users.wavey.yearn.auctions_charts.scripts.price_service_ypm - INFO - 🔍 Processing request 35: 3D831ec7 at block 22536821
2025-09-01 07:50:36,302 - Users.wavey.yearn.auctions_charts.scripts.price_service_ypm - ERROR - Failed to fetch price for 0xdAC17F958D2ee523a2206206994597C13D831ec7 at block 22536821: 'Chain' object has no attribute 'get_block'
2025-09-01 07:50:37,309 - Users.wavey.yearn.auctions_charts.scripts.price_service_ypm - INFO - 🔍 Processing request 36: 13e347E8 at block 22536821
2025-09-01 07:50:37,838 - Users.wavey.yearn.auctions_charts.scripts.price_service_ypm - ERROR - Failed to fetch price for 0x182863131F9a4630fF9E27830d945B1413e347E8 at block 22536821: 'Chain' object has no attribute 'get_block'
2025-09-01 07:50:38,841 - Users.wavey.yearn.auctions_charts.scripts.price_service_ypm - INFO - 🔍 Processing request 37: 95271d0F at block 22536831
2025-09-01 07:50:38,846 - Users.wavey.yearn.auctions_charts.scripts.price_service_ypm - ERROR - Failed to fetch price for 0x6B175474E89094C44Da98b954EedeAC495271d0F at block 22536831: 'Chain' object has no attribute 'get_block'
2025-09-01 07:50:39,854 - Users.wavey.yearn.auctions_charts.scripts.price_service_ypm - INFO - 🔍 Processing request 38: 13e347E8 at block 22536831
2025-09-01 07:50:40,400 - Users.wavey.yearn.auctions_charts.scripts.price_service_ypm - ERROR - Failed to fetch price for 0x182863131F9a4630fF9E27830d945B1413e347E8 at block 22536831: 'Chain' object has no attribute 'get_block'
2025-09-01 07:50:41,402 - Users.wavey.yearn.auctions_charts.scripts.price_service_ypm - INFO - 🔍 Processing request 39: 57ac1b4E at block 22537158
2025-09-01 07:50:42,145 - Users.wavey.yearn.auctions_charts.scripts.price_service_ypm - ERROR - Failed to fetch price for 0xf939E0A03FB07F59A73314E73794Be0E57ac1b4E at block 22537158: 'Chain' object has no attribute 'get_block'
2025-09-01 07:50:43,152 - Users.wavey.yearn.auctions_charts.scripts.price_service_ypm - INFO - 🔍 Processing request 40: 13e347E8 at block 22537158
2025-09-01 07:50:43,551 - Users.wavey.yearn.auctions_charts.scripts.price_service_ypm - ERROR - Failed to fetch price for 0x182863131F9a4630fF9E27830d945B1413e347E8 at block 22537158: 'Chain' object has no attribute 'get_block'
2025-09-01 07:50:44,557 - Users.wavey.yearn.auctions_charts.scripts.price_service_ypm - INFO - 🔍 Processing request 41: 3606eB48 at block 22543065
2025-09-01 07:50:44,560 - Users.wavey.yearn.auctions_charts.scripts.price_service_ypm - ERROR - Failed to fetch price for 0xA0b86991c6218b36c1d19D4a2e9Eb0cE3606eB48 at block 22543065: 'Chain' object has no attribute 'get_block'
2025-09-01 07:50:45,568 - Users.wavey.yearn.auctions_charts.scripts.price_service_ypm - INFO - 🔍 Processing request 42: 13e347E8 at block 22543065
2025-09-01 07:50:46,104 - Users.wavey.yearn.auctions_charts.scripts.price_service_ypm - ERROR - Failed to fetch price for 0x182863131F9a4630fF9E27830d945B1413e347E8 at block 22543065: 'Chain' object has no attribute 'get_block'
2025-09-01 07:50:47,111 - Users.wavey.yearn.auctions_charts.scripts.price_service_ypm - INFO - 🔍 Processing request 43: 3C756Cc2 at block 22543065
2025-09-01 07:50:47,421 - Users.wavey.yearn.auctions_charts.scripts.price_service_ypm - ERROR - Failed to fetch price for 0xC02aaA39b223FE8D0A0e5C4F27eAD9083C756Cc2 at block 22543065: 'Chain' object has no attribute 'get_block'
2025-09-01 07:50:48,428 - Users.wavey.yearn.auctions_charts.scripts.price_service_ypm - INFO - 🔍 Processing request 45: 3D831ec7 at block 22543065
2025-09-01 07:50:48,434 - Users.wavey.yearn.auctions_charts.scripts.price_service_ypm - ERROR - Failed to fetch price for 0xdAC17F958D2ee523a2206206994597C13D831ec7 at block 22543065: 'Chain' object has no attribute 'get_block'
2025-09-01 07:50:49,442 - Users.wavey.yearn.auctions_charts.scripts.price_service_ypm - INFO - 🔍 Processing request 47: e407384F at block 22543065
2025-09-01 07:50:49,446 - Users.wavey.yearn.auctions_charts.scripts.price_service_ypm - ERROR - Failed to fetch price for 0xdC035D45d973E3EC169d2276DDab16f1e407384F at block 22543065: 'Chain' object has no attribute 'get_block'
2025-09-01 07:50:50,453 - Users.wavey.yearn.auctions_charts.scripts.price_service_ypm - INFO - 🔍 Processing request 49: 3606eB48 at block 22543306
2025-09-01 07:50:50,456 - Users.wavey.yearn.auctions_charts.scripts.price_service_ypm - ERROR - Failed to fetch price for 0xA0b86991c6218b36c1d19D4a2e9Eb0cE3606eB48 at block 22543306: 'Chain' object has no attribute 'get_block'
2025-09-01 07:50:51,463 - Users.wavey.yearn.auctions_charts.scripts.price_service_ypm - INFO - 🔍 Processing request 50: 13e347E8 at block 22543306
2025-09-01 07:50:51,997 - Users.wavey.yearn.auctions_charts.scripts.price_service_ypm - ERROR - Failed to fetch price for 0x182863131F9a4630fF9E27830d945B1413e347E8 at block 22543306: 'Chain' object has no attribute 'get_block'
2025-09-01 07:50:53,005 - Users.wavey.yearn.auctions_charts.scripts.price_service_ypm - INFO - 🔍 Processing request 51: 3D831ec7 at block 22543390
2025-09-01 07:50:53,009 - Users.wavey.yearn.auctions_charts.scripts.price_service_ypm - ERROR - Failed to fetch price for 0xdAC17F958D2ee523a2206206994597C13D831ec7 at block 22543390: 'Chain' object has no attribute 'get_block'
2025-09-01 07:50:54,016 - Users.wavey.yearn.auctions_charts.scripts.price_service_ypm - INFO - 🔍 Processing request 52: 13e347E8 at block 22543390
2025-09-01 07:50:54,554 - Users.wavey.yearn.auctions_charts.scripts.price_service_ypm - ERROR - Failed to fetch price for 0x182863131F9a4630fF9E27830d945B1413e347E8 at block 22543390: 'Chain' object has no attribute 'get_block'
2025-09-01 07:50:55,563 - Users.wavey.yearn.auctions_charts.scripts.price_service_ypm - INFO - 🔍 Processing request 53: 3C756Cc2 at block 22543705
2025-09-01 07:50:55,970 - Users.wavey.yearn.auctions_charts.scripts.price_service_ypm - ERROR - Failed to fetch price for 0xC02aaA39b223FE8D0A0e5C4F27eAD9083C756Cc2 at block 22543705: 'Chain' object has no attribute 'get_block'
2025-09-01 07:50:56,978 - Users.wavey.yearn.auctions_charts.scripts.price_service_ypm - INFO - 🔍 Processing request 54: 13e347E8 at block 22543705
2025-09-01 07:50:57,374 - Users.wavey.yearn.auctions_charts.scripts.price_service_ypm - ERROR - Failed to fetch price for 0x182863131F9a4630fF9E27830d945B1413e347E8 at block 22543705: 'Chain' object has no attribute 'get_block'
2025-09-01 07:50:58,383 - Users.wavey.yearn.auctions_charts.scripts.price_service_ypm - INFO - 🔍 Processing request 55: e407384F at block 22544021
2025-09-01 07:50:58,902 - Users.wavey.yearn.auctions_charts.scripts.price_service_ypm - ERROR - Failed to fetch price for 0xdC035D45d973E3EC169d2276DDab16f1e407384F at block 22544021: 'Chain' object has no attribute 'get_block'
2025-09-01 07:50:59,910 - Users.wavey.yearn.auctions_charts.scripts.price_service_ypm - INFO - 🔍 Processing request 56: 13e347E8 at block 22544021
2025-09-01 07:51:00,042 - Users.wavey.yearn.auctions_charts.scripts.price_service_ypm - ERROR - Failed to fetch price for 0x182863131F9a4630fF9E27830d945B1413e347E8 at block 22544021: 'Chain' object has no attribute 'get_block'
2025-09-01 07:51:01,050 - Users.wavey.yearn.auctions_charts.scripts.price_service_ypm - INFO - 🔍 Processing request 57: A034cd52 at block 22555310
2025-09-01 07:51:02,146 - Users.wavey.yearn.auctions_charts.scripts.price_service_ypm - ERROR - Failed to fetch price for 0xD533a949740bb3306d119CC777fa900bA034cd52 at block 22555310: 'Chain' object has no attribute 'get_block'
2025-09-01 07:51:03,155 - Users.wavey.yearn.auctions_charts.scripts.price_service_ypm - INFO - 🔍 Processing request 58: F9810Aa7 at block 22555310
2025-09-01 07:51:05,835 - Users.wavey.yearn.auctions_charts.scripts.price_service_ypm - ERROR - Failed to fetch price for 0x62B9c7356A2Dc64a1969e19C23e4f579F9810Aa7 at block 22555310: 'Chain' object has no attribute 'get_block'
2025-09-01 07:51:06,844 - Users.wavey.yearn.auctions_charts.scripts.price_service_ypm - INFO - 🔍 Processing request 59: A034cd52 at block 22559257
2025-09-01 07:51:07,778 - Users.wavey.yearn.auctions_charts.scripts.price_service_ypm - ERROR - Failed to fetch price for 0xD533a949740bb3306d119CC777fa900bA034cd52 at block 22559257: 'Chain' object has no attribute 'get_block'
2025-09-01 07:51:08,788 - Users.wavey.yearn.auctions_charts.scripts.price_service_ypm - INFO - 🔍 Processing request 60: F9810Aa7 at block 22559257
2025-09-01 07:51:09,209 - Users.wavey.yearn.auctions_charts.scripts.price_service_ypm - ERROR - Failed to fetch price for 0x62B9c7356A2Dc64a1969e19C23e4f579F9810Aa7 at block 22559257: 'Chain' object has no attribute 'get_block'
2025-09-01 07:51:10,217 - Users.wavey.yearn.auctions_charts.scripts.price_service_ypm - INFO - 🔍 Processing request 61: A034cd52 at block 22583894
2025-09-01 07:51:11,131 - Users.wavey.yearn.auctions_charts.scripts.price_service_ypm - ERROR - Failed to fetch price for 0xD533a949740bb3306d119CC777fa900bA034cd52 at block 22583894: 'Chain' object has no attribute 'get_block'
2025-09-01 07:51:12,135 - Users.wavey.yearn.auctions_charts.scripts.price_service_ypm - INFO - 🔍 Processing request 62: F9810Aa7 at block 22583894
2025-09-01 07:51:12,556 - Users.wavey.yearn.auctions_charts.scripts.price_service_ypm - ERROR - Failed to fetch price for 0x62B9c7356A2Dc64a1969e19C23e4f579F9810Aa7 at block 22583894: 'Chain' object has no attribute 'get_block'
2025-09-01 07:51:18,575 - Users.wavey.yearn.auctions_charts.scripts.price_service_ypm - INFO - 📋 Processing 50 pending price requests
2025-09-01 07:51:18,575 - Users.wavey.yearn.auctions_charts.scripts.price_service_ypm - INFO - 🔍 Processing request 63: 6797a275 at block 22572528
2025-09-01 07:51:25,450 - Users.wavey.yearn.auctions_charts.scripts.price_service_ypm - ERROR - Failed to fetch price for 0x41252E8691e964f7DE35156B68493bAb6797a275 at block 22572528: 'Chain' object has no attribute 'get_block'
2025-09-01 07:51:26,456 - Users.wavey.yearn.auctions_charts.scripts.price_service_ypm - INFO - 🔍 Processing request 64: 69c52E37 at block 22572528
