2025-09-02 22:55:22,499 - __main__ - INFO - Database connection established
2025-09-02 22:55:22,499 - __main__ - INFO - 🚀 Starting ypricemagic Price Service
2025-09-02 22:55:23,387 - __main__ - INFO - 🌐 Initializing Brownie network connection...
2025-09-02 22:55:23,387 - __main__ - INFO - Connecting to 'electro' network...
2025-09-02 22:55:25,558 - __main__ - INFO - ✅ Connected to Brownie network: electro
2025-09-02 22:55:25,820 - __main__ - INFO - 📊 Chain info: height=23279732, id=1
2025-09-02 22:55:25,961 - __main__ - INFO - 🌐 Web3 connection test: latest block = 23279732
2025-09-02 22:55:25,961 - __main__ - INFO - 📦 Importing ypricemagic...
2025-09-02 22:55:26,500 - dank_mids.envs - INFO - For your information, you can tweak your configuration for optimal performance using any of the envs below:
2025-09-02 22:55:26,500 - typed_envs - INFO - EnvironmentVariable[int](name=`DANKMIDS_MAX_MULTICALL_SIZE`, default_value=10000, using_default=True)
2025-09-02 22:55:26,501 - typed_envs - INFO - EnvironmentVariable[int](name=`DANKMIDS_MAX_JSONRPC_BATCH_SIZE`, default_value=500, using_default=True)
2025-09-02 22:55:26,501 - typed_envs - INFO - EnvironmentVariable[int](name=`DANKMIDS_REQUESTS_PER_SECOND`, default_value=50, using_default=True)
2025-09-02 22:55:26,501 - typed_envs - INFO - EnvironmentVariable[int](name=`DANKMIDS_MIN_REQUESTS_PER_SECOND`, default_value=10, using_default=True)
2025-09-02 22:55:26,501 - typed_envs - INFO - EnvironmentVariable[bool](name=`DANKMIDS_GANACHE_FORK`, default_value=False, using_default=True)
2025-09-02 22:55:26,501 - typed_envs - INFO - EnvironmentVariable[int](name=`DANKMIDS_AIOHTTP_TIMEOUT`, default_value=1200, using_default=True)
2025-09-02 22:55:26,512 - typed_envs - INFO - EnvironmentVariable[bool](name=`DANKMIDS_COLLECT_STATS`, default_value=False, using_default=True)
2025-09-02 22:55:26,512 - typed_envs - INFO - EnvironmentVariable[int](name=`DANKMIDS_STUCK_CALL_TIMEOUT`, default_value=120, using_default=True)
2025-09-02 22:55:26,512 - dank_mids.envs - INFO - More details can be found in dank_mids/ENVIRONMENT_VARIABLES.py
2025-09-02 22:55:26,512 - dank_mids.envs - INFO - NOTE: You can disable these logs by setting the `TYPEDENVS_SHUTUP` env var to any value.
2025-09-02 22:55:26,998 - typed_envs - INFO - EnvironmentVariable[int](name=`YPRICEMAGIC_GETLOGS_BATCH_SIZE`, default_value=0, using_default=True)
2025-09-02 22:55:27,948 - __main__ - INFO - ✅ ypricemagic imported successfully
2025-09-02 22:55:27,948 - __main__ - INFO - 🧪 Testing ypricemagic functionality...
2025-09-02 22:55:27,948 - __main__ - INFO - 🔄 Checking for stale 'processing' requests from previous service instances...
2025-09-02 23:34:59,560 - __main__ - INFO - [2 remaining] Processing 0xD533a949740bb3306d119CC777fa900bA034cd52 (CRV) at block 23279925 (req 6584)
2025-09-02 23:34:59,592 - y.prices.utils.ypriceapi - INFO - ypriceAPI is now in beta!

Head to ypriceapi-beta.yearn.finance and sign up for access. You get:
 - access to your desired price data more quickly...
 - ...from nodes run by yearn-affiliated big brains...
 - ...on all the networks Yearn supports.

Check out some testimonials from our close frens:
 - from anon2499, "I can now get prices for all of my useless shitcoins without waiting all day for ypricemagic to load logs."
 - from anon6994, "I don't need to maintain an archive node anymore and that's saving me money."
 - from anon40, "Wow, so fast!"

2025-09-02 23:34:59,594 - dank_mids.controller - INFO - Dank Middleware initializing... Strap on your rocket boots...
2025-09-02 23:35:00,562 - y._db.common - INFO - <FeedsFromEvents addresses=0x47Fb2585D2C56Fe188D0E6ec628a38b74fCeeeDf topics=['0x27a180c70f2642f63d1694eb252b7df52e7ab2565e3f67adf7748acb7d82b9bc']> is cached thru block 23279666, loading from db
2025-09-02 23:35:00,562 - y._db.utils.logs - INFO - executing select query for LogCache(addresses=0x47Fb2585D2C56Fe188D0E6ec628a38b74fCeeeDf, topic0=0x27a180c70f2642f63d1694eb252b7df52e7ab2565e3f67adf7748acb7d82b9bc)
2025-09-02 23:35:00,849 - y._db.common - INFO - <FeedsFromEvents addresses=0x47Fb2585D2C56Fe188D0E6ec628a38b74fCeeeDf topics=['0x27a180c70f2642f63d1694eb252b7df52e7ab2565e3f67adf7748acb7d82b9bc']> loaded 261 objects thru block 23279666 from disk
2025-09-02 23:35:01,743 - y.prices.dex.uniswap.v2 - INFO - Fetching pools for uniswap v2 on Mainnet. If this is your first time using ypricemagic, this can take a while. Please wait patiently...
2025-09-02 23:35:01,743 - y.prices.dex.uniswap.v2 - INFO - Fetching pools for sushiswap on Mainnet. If this is your first time using ypricemagic, this can take a while. Please wait patiently...
2025-09-02 23:35:01,743 - y.prices.dex.uniswap.v2 - INFO - Fetching pools for shibaswap on Mainnet. If this is your first time using ypricemagic, this can take a while. Please wait patiently...
2025-09-02 23:35:01,744 - y._db.common - INFO - <AddressProviderEvents addresses=0x0000000022D53366457F9d5E68Ec105046FC4383 topics=[]> is cached thru block 23279667, loading from db
2025-09-02 23:35:01,744 - y._db.utils.logs - INFO - executing select query for LogCache(addresses=0x0000000022D53366457F9d5E68Ec105046FC4383)
2025-09-02 23:35:02,455 - y._db.common - INFO - <UniV3Pools addresses=['0x1F98431c8aD98523631AE4a59f267346ea31F984'] topics=['0x783cca1c0412dd0d695e784568c96da2e9c22ff989357a2e8b1d9b2b4e6b7118']> is cached thru block 23279670, loading from db
2025-09-02 23:35:02,456 - y._db.utils.logs - INFO - executing select query for LogCache(addresses=['0x1F98431c8aD98523631AE4a59f267346ea31F984'], topic0=0x783cca1c0412dd0d695e784568c96da2e9c22ff989357a2e8b1d9b2b4e6b7118)
2025-09-02 23:35:03,879 - y._db.common - INFO - <PoolsFromEvents label=uniswap v2> is cached thru block 23279679, loading from db
2025-09-02 23:35:03,879 - y._db.utils.logs - INFO - executing select query for LogCache(addresses=['0x5C69bEe701ef814a2B6a3EDD4B1652CB9cc5aA6f'], topic0=['0x0d3648bd0f6ba80134a33ba9275ac585d9d315f0ad8355cddefde31afa28d0e9'])
2025-09-02 23:35:03,881 - y._db.common - INFO - <PoolsFromEvents label=sushiswap> is cached thru block 23279668, loading from db
2025-09-02 23:35:03,881 - y._db.utils.logs - INFO - executing select query for LogCache(addresses=['0xC0AEe478e3658e2610c5F7A4A2E1777cE9e4f2Ac'], topic0=['0x0d3648bd0f6ba80134a33ba9275ac585d9d315f0ad8355cddefde31afa28d0e9'])
2025-09-02 23:35:03,885 - y._db.common - INFO - <PoolsFromEvents label=shibaswap> is cached thru block 23279667, loading from db
2025-09-02 23:35:03,886 - y._db.utils.logs - INFO - executing select query for LogCache(addresses=['0x115934131916C8b277DD010Ee02de363c09d037c'], topic0=['0x0d3648bd0f6ba80134a33ba9275ac585d9d315f0ad8355cddefde31afa28d0e9'])
2025-09-02 23:35:17,462 - y._db.common - INFO - <AddressProviderEvents addresses=0x0000000022D53366457F9d5E68Ec105046FC4383 topics=[]> loaded 37 objects thru block 23279667 from disk
2025-09-02 23:35:17,905 - y._db.common - INFO - <RegistryEvents addresses=0x90E00ACe148ca3b23Ac1bC8C240C2a7Dd9c2d7f5 topics=[]> is cached thru block 23279667, loading from db
2025-09-02 23:35:17,905 - y._db.utils.logs - INFO - executing select query for LogCache(addresses=0x90E00ACe148ca3b23Ac1bC8C240C2a7Dd9c2d7f5)
2025-09-02 23:35:17,905 - y._db.common - INFO - <RegistryEvents addresses=0x8F942C20D02bEfc377D41445793068908E2250D0 topics=[]> is cached thru block 23279667, loading from db
2025-09-02 23:35:17,906 - y._db.utils.logs - INFO - executing select query for LogCache(addresses=0x8F942C20D02bEfc377D41445793068908E2250D0)
2025-09-02 23:35:18,129 - y._db.common - INFO - <RegistryEvents addresses=0x8F942C20D02bEfc377D41445793068908E2250D0 topics=[]> loaded 10 objects thru block 23279667 from disk
2025-09-02 23:35:18,216 - y._db.common - INFO - <RegistryEvents addresses=0x90E00ACe148ca3b23Ac1bC8C240C2a7Dd9c2d7f5 topics=[]> loaded 57 objects thru block 23279667 from disk
2025-09-02 23:35:18,974 - y._db.common - INFO - <PoolsFromEvents label=shibaswap> loaded 1021 objects thru block 23279667 from disk
2025-09-02 23:35:19,612 - y.prices.dex.uniswap.v2 - INFO - Loaded 1022 pools supporting 848 tokens on shibaswap
2025-09-02 23:35:23,121 - y._db.common - INFO - <PoolsFromEvents label=sushiswap> loaded 4379 objects thru block 23279668 from disk
2025-09-02 23:35:23,982 - y.prices.dex.uniswap.v2 - INFO - Loaded 4397 pools supporting 3666 tokens on sushiswap
2025-09-02 23:35:24,031 - y.prices.stable_swap.curve.startup - INFO - loaded 1840 pools from 2 registries and 7 factories
2025-09-02 23:35:47,243 - y._db.common - INFO - <UniV3Pools addresses=['0x1F98431c8aD98523631AE4a59f267346ea31F984'] topics=['0x783cca1c0412dd0d695e784568c96da2e9c22ff989357a2e8b1d9b2b4e6b7118']> loaded 45394 objects thru block 23279670 from disk
2025-09-02 23:37:45,943 - y._db.common - INFO - <PoolsFromEvents label=uniswap v2> loaded 453857 objects thru block 23279679 from disk
2025-09-02 23:39:05,003 - y.prices.dex.uniswap.v2 - INFO - Loaded 454169 pools supporting 445231 tokens on uniswap v2
2025-09-02 23:41:37,098 - __main__ - INFO - [1 remaining] ✅ Completed 0xD533a949740bb3306d119CC777fa900bA034cd52 = $0.7662878303918778
2025-09-02 23:41:37,635 - __main__ - INFO - [1 remaining] Processing 0x460638e6F7605B866736e38045C0DE8294d7D87f (alUSDsDOLA) at block 23279925 (req 6585)
2025-09-02 23:41:39,616 - y.prices.lending.aave - INFO - loaded 22 v1 atokens for <AaveMarketV1 '0x398eC7346DcD622eDc5ae82352F02bE94C62d119'>
2025-09-02 23:41:39,865 - y.prices.lending.aave - INFO - loaded 23 v2 atokens for <AaveMarketV2 '0x7937D4799803FbBe595ed57278Bc4cA21f3bFfCB'>
2025-09-02 23:41:39,866 - y.prices.lending.aave - INFO - loaded 5 v2 atokens for <AaveMarketV2 '0xcE744a9BAf573167B2CF138114BA32ed7De274Fa'>
2025-09-02 23:41:39,866 - y.prices.lending.aave - INFO - loaded 53 v3 atokens for <AaveMarketV3 '0x87870Bca3F3fD6335C3F4ce8392D69350B4fA4E2'>
2025-09-02 23:41:39,867 - y.prices.lending.aave - INFO - loaded 37 v2 atokens for <AaveMarketV2 '0x7d2768dE32b0b80b7a3454c06BdAc94A69DDc7A9'>
loaded 92 markets for 0x3d5BC3c8d13dcB8bF317092d84783c2697AE9258
2025-09-02 23:41:41,953 - y.prices.lending.compound - INFO - loaded 92 markets for 0x3d5BC3c8d13dcB8bF317092d84783c2697AE9258
loaded 24 markets for 0xAB1c342C7bf5Ec5F02ADEA1c2270670bCa144CbB
2025-09-02 23:41:41,954 - y.prices.lending.compound - INFO - loaded 24 markets for 0xAB1c342C7bf5Ec5F02ADEA1c2270670bCa144CbB
loaded 24 markets for 0x4dCf7407AE5C07f8681e1659f626E114A7667339
2025-09-02 23:41:41,954 - y.prices.lending.compound - INFO - loaded 24 markets for 0x4dCf7407AE5C07f8681e1659f626E114A7667339
loaded 11 markets for 0x3105D328c66d8d55092358cF595d54608178E9B5
2025-09-02 23:41:41,955 - y.prices.lending.compound - INFO - loaded 11 markets for 0x3105D328c66d8d55092358cF595d54608178E9B5
loaded 5 markets for 0x95Af143a021DF745bc78e845b54591C53a8B3A51
2025-09-02 23:41:41,955 - y.prices.lending.compound - INFO - loaded 5 markets for 0x95Af143a021DF745bc78e845b54591C53a8B3A51
loaded 23 markets for 0x687a01ecF6d3907658f7A7c714749fAC32336D1B
2025-09-02 23:41:41,955 - y.prices.lending.compound - INFO - loaded 23 markets for 0x687a01ecF6d3907658f7A7c714749fAC32336D1B
loaded 20 markets for 0x3d9819210A31b4961b30EF54bE2aeD79B9c9Cd3B
2025-09-02 23:41:41,956 - y.prices.lending.compound - INFO - loaded 20 markets for 0x3d9819210A31b4961b30EF54bE2aeD79B9c9Cd3B
2025-09-02 23:41:47,113 - __main__ - INFO - [0 remaining] ✅ Completed 0x460638e6F7605B866736e38045C0DE8294d7D87f = $1.016808819421497
